2025-03-05 11:25:28,496 - INFO - Preparing and validating the model for quantization...
2025-03-05 11:25:28,496 - INFO - Preparing and validating the model for quantization...
2025-03-05 11:25:28,496 - INFO - Preparing and validating the model for quantization...
2025-03-05 11:25:28,496 - INFO - Preparing and validating the model for quantization...
2025-03-05 11:25:28,496 - INFO - Preparing and validating the model for quantization...
2025-03-05 11:25:28,496 - INFO - Preparing and validating the model for quantization...
2025-03-05 11:25:28,496 - INFO - Preparing and validating the model for quantization...
2025-03-05 11:25:43,092 - INFO - ✅ Model successfully prepared and validated for AIMET quantization.
2025-03-05 11:25:43,092 - INFO - ✅ Model successfully prepared and validated for AIMET quantization.
2025-03-05 11:25:43,092 - INFO - ✅ Model successfully prepared and validated for AIMET quantization.
2025-03-05 11:25:43,092 - INFO - ✅ Model successfully prepared and validated for AIMET quantization.
2025-03-05 11:25:43,092 - INFO - ✅ Model successfully prepared and validated for AIMET quantization.
2025-03-05 11:25:43,092 - INFO - ✅ Model successfully prepared and validated for AIMET quantization.
2025-03-05 11:25:43,092 - INFO - ✅ Model successfully prepared and validated for AIMET quantization.
2025-03-05 11:25:43,093 - INFO - Loading labeled dataset...
2025-03-05 11:25:43,093 - INFO - Loading labeled dataset...
2025-03-05 11:25:43,093 - INFO - Loading labeled dataset...
2025-03-05 11:25:43,093 - INFO - Loading labeled dataset...
2025-03-05 11:25:43,093 - INFO - Loading labeled dataset...
2025-03-05 11:25:43,093 - INFO - Loading labeled dataset...
2025-03-05 11:25:43,093 - INFO - Loading labeled dataset...
2025-03-05 11:25:43,141 - INFO - Dataset size: 5000 | DataLoader batches: 40
2025-03-05 11:25:43,141 - INFO - Dataset size: 5000 | DataLoader batches: 40
2025-03-05 11:25:43,141 - INFO - Dataset size: 5000 | DataLoader batches: 40
2025-03-05 11:25:43,141 - INFO - Dataset size: 5000 | DataLoader batches: 40
2025-03-05 11:25:43,141 - INFO - Dataset size: 5000 | DataLoader batches: 40
2025-03-05 11:25:43,141 - INFO - Dataset size: 5000 | DataLoader batches: 40
2025-03-05 11:25:43,141 - INFO - Dataset size: 5000 | DataLoader batches: 40
2025-03-05 11:25:43,141 - INFO - ?? Running AutoQuant...
2025-03-05 11:25:43,141 - INFO - ?? Running AutoQuant...
2025-03-05 11:25:43,141 - INFO - ?? Running AutoQuant...
2025-03-05 11:25:43,141 - INFO - ?? Running AutoQuant...
2025-03-05 11:25:43,141 - INFO - ?? Running AutoQuant...
2025-03-05 11:25:43,141 - INFO - ?? Running AutoQuant...
2025-03-05 11:25:43,141 - INFO - ?? Running AutoQuant...
2025-03-05 11:25:43,142 - INFO - Loading labeled dataset...
2025-03-05 11:25:43,142 - INFO - Loading labeled dataset...
2025-03-05 11:25:43,142 - INFO - Loading labeled dataset...
2025-03-05 11:25:43,142 - INFO - Loading labeled dataset...
2025-03-05 11:25:43,142 - INFO - Loading labeled dataset...
2025-03-05 11:25:43,142 - INFO - Loading labeled dataset...
2025-03-05 11:25:43,142 - INFO - Loading labeled dataset...
2025-03-05 11:25:43,246 - INFO - Dataset size: 400 | DataLoader batches: 13
2025-03-05 11:25:43,246 - INFO - Dataset size: 400 | DataLoader batches: 13
2025-03-05 11:25:43,246 - INFO - Dataset size: 400 | DataLoader batches: 13
2025-03-05 11:25:43,246 - INFO - Dataset size: 400 | DataLoader batches: 13
2025-03-05 11:25:43,246 - INFO - Dataset size: 400 | DataLoader batches: 13
2025-03-05 11:25:43,246 - INFO - Dataset size: 400 | DataLoader batches: 13
2025-03-05 11:25:43,246 - INFO - Dataset size: 400 | DataLoader batches: 13
2025-03-05 11:31:38,585 - INFO - Loading labeled dataset...
2025-03-05 11:31:38,585 - INFO - Loading labeled dataset...
2025-03-05 11:31:38,585 - INFO - Loading labeled dataset...
2025-03-05 11:31:38,585 - INFO - Loading labeled dataset...
2025-03-05 11:31:38,585 - INFO - Loading labeled dataset...
2025-03-05 11:31:38,585 - INFO - Loading labeled dataset...
2025-03-05 11:31:38,585 - INFO - Loading labeled dataset...
2025-03-05 11:31:38,631 - INFO - Dataset size: 5000 | DataLoader batches: 40
2025-03-05 11:31:38,631 - INFO - Dataset size: 5000 | DataLoader batches: 40
2025-03-05 11:31:38,631 - INFO - Dataset size: 5000 | DataLoader batches: 40
2025-03-05 11:31:38,631 - INFO - Dataset size: 5000 | DataLoader batches: 40
2025-03-05 11:31:38,631 - INFO - Dataset size: 5000 | DataLoader batches: 40
2025-03-05 11:31:38,631 - INFO - Dataset size: 5000 | DataLoader batches: 40
2025-03-05 11:31:38,631 - INFO - Dataset size: 5000 | DataLoader batches: 40
2025-03-05 11:31:59,389 - INFO - Top-1 Accuracy: 0.8934
2025-03-05 11:31:59,389 - INFO - Top-1 Accuracy: 0.8934
2025-03-05 11:31:59,389 - INFO - Top-1 Accuracy: 0.8934
2025-03-05 11:31:59,389 - INFO - Top-1 Accuracy: 0.8934
2025-03-05 11:31:59,389 - INFO - Top-1 Accuracy: 0.8934
2025-03-05 11:31:59,389 - INFO - Top-1 Accuracy: 0.8934
2025-03-05 11:31:59,389 - INFO - Top-1 Accuracy: 0.8934
2025-03-05 11:31:59,389 - INFO - Top-5 Accuracy: 0.9872
2025-03-05 11:31:59,389 - INFO - Top-5 Accuracy: 0.9872
2025-03-05 11:31:59,389 - INFO - Top-5 Accuracy: 0.9872
2025-03-05 11:31:59,389 - INFO - Top-5 Accuracy: 0.9872
2025-03-05 11:31:59,389 - INFO - Top-5 Accuracy: 0.9872
2025-03-05 11:31:59,389 - INFO - Top-5 Accuracy: 0.9872
2025-03-05 11:31:59,389 - INFO - Top-5 Accuracy: 0.9872
2025-03-05 11:37:38,976 - INFO - - Initial Quantized Accuracy: {initial_accuracy:.4f}
2025-03-05 11:37:38,976 - INFO - - Initial Quantized Accuracy: {initial_accuracy:.4f}
2025-03-05 11:37:38,976 - INFO - - Initial Quantized Accuracy: {initial_accuracy:.4f}
2025-03-05 11:37:38,976 - INFO - - Initial Quantized Accuracy: {initial_accuracy:.4f}
2025-03-05 11:37:38,976 - INFO - - Initial Quantized Accuracy: {initial_accuracy:.4f}
2025-03-05 11:37:38,976 - INFO - - Initial Quantized Accuracy: {initial_accuracy:.4f}
2025-03-05 11:37:38,976 - INFO - - Initial Quantized Accuracy: {initial_accuracy:.4f}
2025-03-05 11:37:38,976 - INFO - ?? Optimizing model with AutoQuant...
2025-03-05 11:37:38,976 - INFO - ?? Optimizing model with AutoQuant...
2025-03-05 11:37:38,976 - INFO - ?? Optimizing model with AutoQuant...
2025-03-05 11:37:38,976 - INFO - ?? Optimizing model with AutoQuant...
2025-03-05 11:37:38,976 - INFO - ?? Optimizing model with AutoQuant...
2025-03-05 11:37:38,976 - INFO - ?? Optimizing model with AutoQuant...
2025-03-05 11:37:38,976 - INFO - ?? Optimizing model with AutoQuant...
2025-03-05 11:37:38,978 - INFO - Loading labeled dataset...
2025-03-05 11:37:38,978 - INFO - Loading labeled dataset...
2025-03-05 11:37:38,978 - INFO - Loading labeled dataset...
2025-03-05 11:37:38,978 - INFO - Loading labeled dataset...
2025-03-05 11:37:38,978 - INFO - Loading labeled dataset...
2025-03-05 11:37:38,978 - INFO - Loading labeled dataset...
2025-03-05 11:37:38,978 - INFO - Loading labeled dataset...
2025-03-05 11:37:39,024 - INFO - Dataset size: 5000 | DataLoader batches: 40
2025-03-05 11:37:39,024 - INFO - Dataset size: 5000 | DataLoader batches: 40
2025-03-05 11:37:39,024 - INFO - Dataset size: 5000 | DataLoader batches: 40
2025-03-05 11:37:39,024 - INFO - Dataset size: 5000 | DataLoader batches: 40
2025-03-05 11:37:39,024 - INFO - Dataset size: 5000 | DataLoader batches: 40
2025-03-05 11:37:39,024 - INFO - Dataset size: 5000 | DataLoader batches: 40
2025-03-05 11:37:39,024 - INFO - Dataset size: 5000 | DataLoader batches: 40
2025-03-05 11:37:47,646 - INFO - Top-1 Accuracy: 0.9174
2025-03-05 11:37:47,646 - INFO - Top-1 Accuracy: 0.9174
2025-03-05 11:37:47,646 - INFO - Top-1 Accuracy: 0.9174
2025-03-05 11:37:47,646 - INFO - Top-1 Accuracy: 0.9174
2025-03-05 11:37:47,646 - INFO - Top-1 Accuracy: 0.9174
2025-03-05 11:37:47,646 - INFO - Top-1 Accuracy: 0.9174
2025-03-05 11:37:47,646 - INFO - Top-1 Accuracy: 0.9174
2025-03-05 11:37:47,646 - INFO - Top-5 Accuracy: 0.9928
2025-03-05 11:37:47,646 - INFO - Top-5 Accuracy: 0.9928
2025-03-05 11:37:47,646 - INFO - Top-5 Accuracy: 0.9928
2025-03-05 11:37:47,646 - INFO - Top-5 Accuracy: 0.9928
2025-03-05 11:37:47,646 - INFO - Top-5 Accuracy: 0.9928
2025-03-05 11:37:47,646 - INFO - Top-5 Accuracy: 0.9928
2025-03-05 11:37:47,646 - INFO - Top-5 Accuracy: 0.9928
2025-03-05 11:38:07,946 - INFO - Loading labeled dataset...
2025-03-05 11:38:07,946 - INFO - Loading labeled dataset...
2025-03-05 11:38:07,946 - INFO - Loading labeled dataset...
2025-03-05 11:38:07,946 - INFO - Loading labeled dataset...
2025-03-05 11:38:07,946 - INFO - Loading labeled dataset...
2025-03-05 11:38:07,946 - INFO - Loading labeled dataset...
2025-03-05 11:38:07,946 - INFO - Loading labeled dataset...
2025-03-05 11:38:07,992 - INFO - Dataset size: 5000 | DataLoader batches: 40
2025-03-05 11:38:07,992 - INFO - Dataset size: 5000 | DataLoader batches: 40
2025-03-05 11:38:07,992 - INFO - Dataset size: 5000 | DataLoader batches: 40
2025-03-05 11:38:07,992 - INFO - Dataset size: 5000 | DataLoader batches: 40
2025-03-05 11:38:07,992 - INFO - Dataset size: 5000 | DataLoader batches: 40
2025-03-05 11:38:07,992 - INFO - Dataset size: 5000 | DataLoader batches: 40
2025-03-05 11:38:07,992 - INFO - Dataset size: 5000 | DataLoader batches: 40
2025-03-05 11:38:29,062 - INFO - Top-1 Accuracy: 0.7474
2025-03-05 11:38:29,062 - INFO - Top-1 Accuracy: 0.7474
2025-03-05 11:38:29,062 - INFO - Top-1 Accuracy: 0.7474
2025-03-05 11:38:29,062 - INFO - Top-1 Accuracy: 0.7474
2025-03-05 11:38:29,062 - INFO - Top-1 Accuracy: 0.7474
2025-03-05 11:38:29,062 - INFO - Top-1 Accuracy: 0.7474
2025-03-05 11:38:29,062 - INFO - Top-1 Accuracy: 0.7474
2025-03-05 11:38:29,062 - INFO - Top-5 Accuracy: 0.9264
2025-03-05 11:38:29,062 - INFO - Top-5 Accuracy: 0.9264
2025-03-05 11:38:29,062 - INFO - Top-5 Accuracy: 0.9264
2025-03-05 11:38:29,062 - INFO - Top-5 Accuracy: 0.9264
2025-03-05 11:38:29,062 - INFO - Top-5 Accuracy: 0.9264
2025-03-05 11:38:29,062 - INFO - Top-5 Accuracy: 0.9264
2025-03-05 11:38:29,062 - INFO - Top-5 Accuracy: 0.9264
2025-03-05 11:38:49,233 - INFO - Loading labeled dataset...
2025-03-05 11:38:49,233 - INFO - Loading labeled dataset...
2025-03-05 11:38:49,233 - INFO - Loading labeled dataset...
2025-03-05 11:38:49,233 - INFO - Loading labeled dataset...
2025-03-05 11:38:49,233 - INFO - Loading labeled dataset...
2025-03-05 11:38:49,233 - INFO - Loading labeled dataset...
2025-03-05 11:38:49,233 - INFO - Loading labeled dataset...
2025-03-05 11:38:49,277 - INFO - Dataset size: 5000 | DataLoader batches: 40
2025-03-05 11:38:49,277 - INFO - Dataset size: 5000 | DataLoader batches: 40
2025-03-05 11:38:49,277 - INFO - Dataset size: 5000 | DataLoader batches: 40
2025-03-05 11:38:49,277 - INFO - Dataset size: 5000 | DataLoader batches: 40
2025-03-05 11:38:49,277 - INFO - Dataset size: 5000 | DataLoader batches: 40
2025-03-05 11:38:49,277 - INFO - Dataset size: 5000 | DataLoader batches: 40
2025-03-05 11:38:49,277 - INFO - Dataset size: 5000 | DataLoader batches: 40
2025-03-05 11:39:11,174 - INFO - Top-1 Accuracy: 0.8412
2025-03-05 11:39:11,174 - INFO - Top-1 Accuracy: 0.8412
2025-03-05 11:39:11,174 - INFO - Top-1 Accuracy: 0.8412
2025-03-05 11:39:11,174 - INFO - Top-1 Accuracy: 0.8412
2025-03-05 11:39:11,174 - INFO - Top-1 Accuracy: 0.8412
2025-03-05 11:39:11,174 - INFO - Top-1 Accuracy: 0.8412
2025-03-05 11:39:11,174 - INFO - Top-1 Accuracy: 0.8412
2025-03-05 11:39:11,175 - INFO - Top-5 Accuracy: 0.9712
2025-03-05 11:39:11,175 - INFO - Top-5 Accuracy: 0.9712
2025-03-05 11:39:11,175 - INFO - Top-5 Accuracy: 0.9712
2025-03-05 11:39:11,175 - INFO - Top-5 Accuracy: 0.9712
2025-03-05 11:39:11,175 - INFO - Top-5 Accuracy: 0.9712
2025-03-05 11:39:11,175 - INFO - Top-5 Accuracy: 0.9712
2025-03-05 11:39:11,175 - INFO - Top-5 Accuracy: 0.9712
2025-03-05 11:47:08,340 - INFO - Loading labeled dataset...
2025-03-05 11:47:08,340 - INFO - Loading labeled dataset...
2025-03-05 11:47:08,340 - INFO - Loading labeled dataset...
2025-03-05 11:47:08,340 - INFO - Loading labeled dataset...
2025-03-05 11:47:08,340 - INFO - Loading labeled dataset...
2025-03-05 11:47:08,340 - INFO - Loading labeled dataset...
2025-03-05 11:47:08,340 - INFO - Loading labeled dataset...
2025-03-05 11:47:08,385 - INFO - Dataset size: 5000 | DataLoader batches: 40
2025-03-05 11:47:08,385 - INFO - Dataset size: 5000 | DataLoader batches: 40
2025-03-05 11:47:08,385 - INFO - Dataset size: 5000 | DataLoader batches: 40
2025-03-05 11:47:08,385 - INFO - Dataset size: 5000 | DataLoader batches: 40
2025-03-05 11:47:08,385 - INFO - Dataset size: 5000 | DataLoader batches: 40
2025-03-05 11:47:08,385 - INFO - Dataset size: 5000 | DataLoader batches: 40
2025-03-05 11:47:08,385 - INFO - Dataset size: 5000 | DataLoader batches: 40
2025-03-05 11:47:30,810 - INFO - Top-1 Accuracy: 0.8934
2025-03-05 11:47:30,810 - INFO - Top-1 Accuracy: 0.8934
2025-03-05 11:47:30,810 - INFO - Top-1 Accuracy: 0.8934
2025-03-05 11:47:30,810 - INFO - Top-1 Accuracy: 0.8934
2025-03-05 11:47:30,810 - INFO - Top-1 Accuracy: 0.8934
2025-03-05 11:47:30,810 - INFO - Top-1 Accuracy: 0.8934
2025-03-05 11:47:30,810 - INFO - Top-1 Accuracy: 0.8934
2025-03-05 11:47:30,811 - INFO - Top-5 Accuracy: 0.9872
2025-03-05 11:47:30,811 - INFO - Top-5 Accuracy: 0.9872
2025-03-05 11:47:30,811 - INFO - Top-5 Accuracy: 0.9872
2025-03-05 11:47:30,811 - INFO - Top-5 Accuracy: 0.9872
2025-03-05 11:47:30,811 - INFO - Top-5 Accuracy: 0.9872
2025-03-05 11:47:30,811 - INFO - Top-5 Accuracy: 0.9872
2025-03-05 11:47:30,811 - INFO - Top-5 Accuracy: 0.9872
2025-03-05 11:56:53,991 - INFO - Loading labeled dataset...
2025-03-05 11:56:53,991 - INFO - Loading labeled dataset...
2025-03-05 11:56:53,991 - INFO - Loading labeled dataset...
2025-03-05 11:56:53,991 - INFO - Loading labeled dataset...
2025-03-05 11:56:53,991 - INFO - Loading labeled dataset...
2025-03-05 11:56:53,991 - INFO - Loading labeled dataset...
2025-03-05 11:56:53,991 - INFO - Loading labeled dataset...
2025-03-05 11:56:54,051 - INFO - Dataset size: 5000 | DataLoader batches: 40
2025-03-05 11:56:54,051 - INFO - Dataset size: 5000 | DataLoader batches: 40
2025-03-05 11:56:54,051 - INFO - Dataset size: 5000 | DataLoader batches: 40
2025-03-05 11:56:54,051 - INFO - Dataset size: 5000 | DataLoader batches: 40
2025-03-05 11:56:54,051 - INFO - Dataset size: 5000 | DataLoader batches: 40
2025-03-05 11:56:54,051 - INFO - Dataset size: 5000 | DataLoader batches: 40
2025-03-05 11:56:54,051 - INFO - Dataset size: 5000 | DataLoader batches: 40
2025-03-05 11:57:17,049 - INFO - Top-1 Accuracy: 0.8432
2025-03-05 11:57:17,049 - INFO - Top-1 Accuracy: 0.8432
2025-03-05 11:57:17,049 - INFO - Top-1 Accuracy: 0.8432
2025-03-05 11:57:17,049 - INFO - Top-1 Accuracy: 0.8432
2025-03-05 11:57:17,049 - INFO - Top-1 Accuracy: 0.8432
2025-03-05 11:57:17,049 - INFO - Top-1 Accuracy: 0.8432
2025-03-05 11:57:17,049 - INFO - Top-1 Accuracy: 0.8432
2025-03-05 11:57:17,049 - INFO - Top-5 Accuracy: 0.9800
2025-03-05 11:57:17,049 - INFO - Top-5 Accuracy: 0.9800
2025-03-05 11:57:17,049 - INFO - Top-5 Accuracy: 0.9800
2025-03-05 11:57:17,049 - INFO - Top-5 Accuracy: 0.9800
2025-03-05 11:57:17,049 - INFO - Top-5 Accuracy: 0.9800
2025-03-05 11:57:17,049 - INFO - Top-5 Accuracy: 0.9800
2025-03-05 11:57:17,049 - INFO - Top-5 Accuracy: 0.9800
2025-03-05 12:14:45,785 - INFO - Loading labeled dataset...
2025-03-05 12:14:45,785 - INFO - Loading labeled dataset...
2025-03-05 12:14:45,785 - INFO - Loading labeled dataset...
2025-03-05 12:14:45,785 - INFO - Loading labeled dataset...
2025-03-05 12:14:45,785 - INFO - Loading labeled dataset...
2025-03-05 12:14:45,785 - INFO - Loading labeled dataset...
2025-03-05 12:14:45,785 - INFO - Loading labeled dataset...
2025-03-05 12:14:45,922 - INFO - Dataset size: 5000 | DataLoader batches: 40
2025-03-05 12:14:45,922 - INFO - Dataset size: 5000 | DataLoader batches: 40
2025-03-05 12:14:45,922 - INFO - Dataset size: 5000 | DataLoader batches: 40
2025-03-05 12:14:45,922 - INFO - Dataset size: 5000 | DataLoader batches: 40
2025-03-05 12:14:45,922 - INFO - Dataset size: 5000 | DataLoader batches: 40
2025-03-05 12:14:45,922 - INFO - Dataset size: 5000 | DataLoader batches: 40
2025-03-05 12:14:45,922 - INFO - Dataset size: 5000 | DataLoader batches: 40
2025-03-05 12:15:05,931 - INFO - Top-1 Accuracy: 0.9142
2025-03-05 12:15:05,931 - INFO - Top-1 Accuracy: 0.9142
2025-03-05 12:15:05,931 - INFO - Top-1 Accuracy: 0.9142
2025-03-05 12:15:05,931 - INFO - Top-1 Accuracy: 0.9142
2025-03-05 12:15:05,931 - INFO - Top-1 Accuracy: 0.9142
2025-03-05 12:15:05,931 - INFO - Top-1 Accuracy: 0.9142
2025-03-05 12:15:05,931 - INFO - Top-1 Accuracy: 0.9142
2025-03-05 12:15:05,932 - INFO - Top-5 Accuracy: 0.9926
2025-03-05 12:15:05,932 - INFO - Top-5 Accuracy: 0.9926
2025-03-05 12:15:05,932 - INFO - Top-5 Accuracy: 0.9926
2025-03-05 12:15:05,932 - INFO - Top-5 Accuracy: 0.9926
2025-03-05 12:15:05,932 - INFO - Top-5 Accuracy: 0.9926
2025-03-05 12:15:05,932 - INFO - Top-5 Accuracy: 0.9926
2025-03-05 12:15:05,932 - INFO - Top-5 Accuracy: 0.9926
2025-03-05 12:19:36,984 - INFO - Loading labeled dataset...
2025-03-05 12:19:36,984 - INFO - Loading labeled dataset...
2025-03-05 12:19:36,984 - INFO - Loading labeled dataset...
2025-03-05 12:19:36,984 - INFO - Loading labeled dataset...
2025-03-05 12:19:36,984 - INFO - Loading labeled dataset...
2025-03-05 12:19:36,984 - INFO - Loading labeled dataset...
2025-03-05 12:19:36,984 - INFO - Loading labeled dataset...
2025-03-05 12:19:37,028 - INFO - Dataset size: 5000 | DataLoader batches: 40
2025-03-05 12:19:37,028 - INFO - Dataset size: 5000 | DataLoader batches: 40
2025-03-05 12:19:37,028 - INFO - Dataset size: 5000 | DataLoader batches: 40
2025-03-05 12:19:37,028 - INFO - Dataset size: 5000 | DataLoader batches: 40
2025-03-05 12:19:37,028 - INFO - Dataset size: 5000 | DataLoader batches: 40
2025-03-05 12:19:37,028 - INFO - Dataset size: 5000 | DataLoader batches: 40
2025-03-05 12:19:37,028 - INFO - Dataset size: 5000 | DataLoader batches: 40
2025-03-05 12:19:57,178 - INFO - Top-1 Accuracy: 0.9152
2025-03-05 12:19:57,178 - INFO - Top-1 Accuracy: 0.9152
2025-03-05 12:19:57,178 - INFO - Top-1 Accuracy: 0.9152
2025-03-05 12:19:57,178 - INFO - Top-1 Accuracy: 0.9152
2025-03-05 12:19:57,178 - INFO - Top-1 Accuracy: 0.9152
2025-03-05 12:19:57,178 - INFO - Top-1 Accuracy: 0.9152
2025-03-05 12:19:57,178 - INFO - Top-1 Accuracy: 0.9152
2025-03-05 12:19:57,178 - INFO - Top-5 Accuracy: 0.9920
2025-03-05 12:19:57,178 - INFO - Top-5 Accuracy: 0.9920
2025-03-05 12:19:57,178 - INFO - Top-5 Accuracy: 0.9920
2025-03-05 12:19:57,178 - INFO - Top-5 Accuracy: 0.9920
2025-03-05 12:19:57,178 - INFO - Top-5 Accuracy: 0.9920
2025-03-05 12:19:57,178 - INFO - Top-5 Accuracy: 0.9920
2025-03-05 12:19:57,178 - INFO - Top-5 Accuracy: 0.9920
2025-03-05 12:24:12,745 - INFO - Loading labeled dataset...
2025-03-05 12:24:12,745 - INFO - Loading labeled dataset...
2025-03-05 12:24:12,745 - INFO - Loading labeled dataset...
2025-03-05 12:24:12,745 - INFO - Loading labeled dataset...
2025-03-05 12:24:12,745 - INFO - Loading labeled dataset...
2025-03-05 12:24:12,745 - INFO - Loading labeled dataset...
2025-03-05 12:24:12,745 - INFO - Loading labeled dataset...
2025-03-05 12:24:12,789 - INFO - Dataset size: 5000 | DataLoader batches: 40
2025-03-05 12:24:12,789 - INFO - Dataset size: 5000 | DataLoader batches: 40
2025-03-05 12:24:12,789 - INFO - Dataset size: 5000 | DataLoader batches: 40
2025-03-05 12:24:12,789 - INFO - Dataset size: 5000 | DataLoader batches: 40
2025-03-05 12:24:12,789 - INFO - Dataset size: 5000 | DataLoader batches: 40
2025-03-05 12:24:12,789 - INFO - Dataset size: 5000 | DataLoader batches: 40
2025-03-05 12:24:12,789 - INFO - Dataset size: 5000 | DataLoader batches: 40
2025-03-05 12:24:32,910 - INFO - Top-1 Accuracy: 0.9142
2025-03-05 12:24:32,910 - INFO - Top-1 Accuracy: 0.9142
2025-03-05 12:24:32,910 - INFO - Top-1 Accuracy: 0.9142
2025-03-05 12:24:32,910 - INFO - Top-1 Accuracy: 0.9142
2025-03-05 12:24:32,910 - INFO - Top-1 Accuracy: 0.9142
2025-03-05 12:24:32,910 - INFO - Top-1 Accuracy: 0.9142
2025-03-05 12:24:32,910 - INFO - Top-1 Accuracy: 0.9142
2025-03-05 12:24:32,910 - INFO - Top-5 Accuracy: 0.9926
2025-03-05 12:24:32,910 - INFO - Top-5 Accuracy: 0.9926
2025-03-05 12:24:32,910 - INFO - Top-5 Accuracy: 0.9926
2025-03-05 12:24:32,910 - INFO - Top-5 Accuracy: 0.9926
2025-03-05 12:24:32,910 - INFO - Top-5 Accuracy: 0.9926
2025-03-05 12:24:32,910 - INFO - Top-5 Accuracy: 0.9926
2025-03-05 12:24:32,910 - INFO - Top-5 Accuracy: 0.9926
2025-03-05 12:31:10,397 - INFO - Preparing and validating the model for quantization...
2025-03-05 12:31:10,397 - INFO - Preparing and validating the model for quantization...
2025-03-05 12:31:10,397 - INFO - Preparing and validating the model for quantization...
2025-03-05 12:31:10,397 - INFO - Preparing and validating the model for quantization...
2025-03-05 12:31:10,397 - INFO - Preparing and validating the model for quantization...
2025-03-05 12:31:10,397 - INFO - Preparing and validating the model for quantization...
2025-03-05 12:31:10,397 - INFO - Preparing and validating the model for quantization...
2025-03-05 12:31:23,820 - INFO - ✅ Model successfully prepared and validated for AIMET quantization.
2025-03-05 12:31:23,820 - INFO - ✅ Model successfully prepared and validated for AIMET quantization.
2025-03-05 12:31:23,820 - INFO - ✅ Model successfully prepared and validated for AIMET quantization.
2025-03-05 12:31:23,820 - INFO - ✅ Model successfully prepared and validated for AIMET quantization.
2025-03-05 12:31:23,820 - INFO - ✅ Model successfully prepared and validated for AIMET quantization.
2025-03-05 12:31:23,820 - INFO - ✅ Model successfully prepared and validated for AIMET quantization.
2025-03-05 12:31:23,820 - INFO - ✅ Model successfully prepared and validated for AIMET quantization.
2025-03-05 12:31:23,820 - INFO - Loading labeled dataset...
2025-03-05 12:31:23,820 - INFO - Loading labeled dataset...
2025-03-05 12:31:23,820 - INFO - Loading labeled dataset...
2025-03-05 12:31:23,820 - INFO - Loading labeled dataset...
2025-03-05 12:31:23,820 - INFO - Loading labeled dataset...
2025-03-05 12:31:23,820 - INFO - Loading labeled dataset...
2025-03-05 12:31:23,820 - INFO - Loading labeled dataset...
2025-03-05 12:31:23,865 - INFO - Dataset size: 5000 | DataLoader batches: 40
2025-03-05 12:31:23,865 - INFO - Dataset size: 5000 | DataLoader batches: 40
2025-03-05 12:31:23,865 - INFO - Dataset size: 5000 | DataLoader batches: 40
2025-03-05 12:31:23,865 - INFO - Dataset size: 5000 | DataLoader batches: 40
2025-03-05 12:31:23,865 - INFO - Dataset size: 5000 | DataLoader batches: 40
2025-03-05 12:31:23,865 - INFO - Dataset size: 5000 | DataLoader batches: 40
2025-03-05 12:31:23,865 - INFO - Dataset size: 5000 | DataLoader batches: 40
2025-03-05 12:31:23,865 - INFO - Performing Manual Quantization...
2025-03-05 12:31:23,865 - INFO - Performing Manual Quantization...
2025-03-05 12:31:23,865 - INFO - Performing Manual Quantization...
2025-03-05 12:31:23,865 - INFO - Performing Manual Quantization...
2025-03-05 12:31:23,865 - INFO - Performing Manual Quantization...
2025-03-05 12:31:23,865 - INFO - Performing Manual Quantization...
2025-03-05 12:31:23,865 - INFO - Performing Manual Quantization...
2025-03-05 12:31:39,424 - INFO - Loading labeled dataset...
2025-03-05 12:31:39,424 - INFO - Loading labeled dataset...
2025-03-05 12:31:39,424 - INFO - Loading labeled dataset...
2025-03-05 12:31:39,424 - INFO - Loading labeled dataset...
2025-03-05 12:31:39,424 - INFO - Loading labeled dataset...
2025-03-05 12:31:39,424 - INFO - Loading labeled dataset...
2025-03-05 12:31:39,424 - INFO - Loading labeled dataset...
2025-03-05 12:31:39,468 - INFO - Dataset size: 5000 | DataLoader batches: 40
2025-03-05 12:31:39,468 - INFO - Dataset size: 5000 | DataLoader batches: 40
2025-03-05 12:31:39,468 - INFO - Dataset size: 5000 | DataLoader batches: 40
2025-03-05 12:31:39,468 - INFO - Dataset size: 5000 | DataLoader batches: 40
2025-03-05 12:31:39,468 - INFO - Dataset size: 5000 | DataLoader batches: 40
2025-03-05 12:31:39,468 - INFO - Dataset size: 5000 | DataLoader batches: 40
2025-03-05 12:31:39,468 - INFO - Dataset size: 5000 | DataLoader batches: 40
2025-03-05 12:37:17,301 - INFO - Loading labeled dataset...
2025-03-05 12:37:17,301 - INFO - Loading labeled dataset...
2025-03-05 12:37:17,301 - INFO - Loading labeled dataset...
2025-03-05 12:37:17,301 - INFO - Loading labeled dataset...
2025-03-05 12:37:17,301 - INFO - Loading labeled dataset...
2025-03-05 12:37:17,301 - INFO - Loading labeled dataset...
2025-03-05 12:37:17,301 - INFO - Loading labeled dataset...
2025-03-05 12:37:17,345 - INFO - Dataset size: 5000 | DataLoader batches: 40
2025-03-05 12:37:17,345 - INFO - Dataset size: 5000 | DataLoader batches: 40
2025-03-05 12:37:17,345 - INFO - Dataset size: 5000 | DataLoader batches: 40
2025-03-05 12:37:17,345 - INFO - Dataset size: 5000 | DataLoader batches: 40
2025-03-05 12:37:17,345 - INFO - Dataset size: 5000 | DataLoader batches: 40
2025-03-05 12:37:17,345 - INFO - Dataset size: 5000 | DataLoader batches: 40
2025-03-05 12:37:17,345 - INFO - Dataset size: 5000 | DataLoader batches: 40
2025-03-05 12:37:38,828 - INFO - Top-1 Accuracy: 0.8952
2025-03-05 12:37:38,828 - INFO - Top-1 Accuracy: 0.8952
2025-03-05 12:37:38,828 - INFO - Top-1 Accuracy: 0.8952
2025-03-05 12:37:38,828 - INFO - Top-1 Accuracy: 0.8952
2025-03-05 12:37:38,828 - INFO - Top-1 Accuracy: 0.8952
2025-03-05 12:37:38,828 - INFO - Top-1 Accuracy: 0.8952
2025-03-05 12:37:38,828 - INFO - Top-1 Accuracy: 0.8952
2025-03-05 12:37:38,828 - INFO - Top-5 Accuracy: 0.9880
2025-03-05 12:37:38,828 - INFO - Top-5 Accuracy: 0.9880
2025-03-05 12:37:38,828 - INFO - Top-5 Accuracy: 0.9880
2025-03-05 12:37:38,828 - INFO - Top-5 Accuracy: 0.9880
2025-03-05 12:37:38,828 - INFO - Top-5 Accuracy: 0.9880
2025-03-05 12:37:38,828 - INFO - Top-5 Accuracy: 0.9880
2025-03-05 12:37:38,828 - INFO - Top-5 Accuracy: 0.9880
2025-03-05 12:37:38,830 - INFO - Manual Quantization Accuracy: 0.8952
2025-03-05 12:37:38,830 - INFO - Manual Quantization Accuracy: 0.8952
2025-03-05 12:37:38,830 - INFO - Manual Quantization Accuracy: 0.8952
2025-03-05 12:37:38,830 - INFO - Manual Quantization Accuracy: 0.8952
2025-03-05 12:37:38,830 - INFO - Manual Quantization Accuracy: 0.8952
2025-03-05 12:37:38,830 - INFO - Manual Quantization Accuracy: 0.8952
2025-03-05 12:37:38,830 - INFO - Manual Quantization Accuracy: 0.8952
2025-03-05 12:37:44,998 - INFO - Performing Manual Quantization...
2025-03-05 12:37:44,998 - INFO - Performing Manual Quantization...
2025-03-05 12:37:44,998 - INFO - Performing Manual Quantization...
2025-03-05 12:37:44,998 - INFO - Performing Manual Quantization...
2025-03-05 12:37:44,998 - INFO - Performing Manual Quantization...
2025-03-05 12:37:44,998 - INFO - Performing Manual Quantization...
2025-03-05 12:37:44,998 - INFO - Performing Manual Quantization...
2025-03-05 12:38:04,228 - INFO - Loading labeled dataset...
2025-03-05 12:38:04,228 - INFO - Loading labeled dataset...
2025-03-05 12:38:04,228 - INFO - Loading labeled dataset...
2025-03-05 12:38:04,228 - INFO - Loading labeled dataset...
2025-03-05 12:38:04,228 - INFO - Loading labeled dataset...
2025-03-05 12:38:04,228 - INFO - Loading labeled dataset...
2025-03-05 12:38:04,228 - INFO - Loading labeled dataset...
2025-03-05 12:38:04,275 - INFO - Dataset size: 5000 | DataLoader batches: 40
2025-03-05 12:38:04,275 - INFO - Dataset size: 5000 | DataLoader batches: 40
2025-03-05 12:38:04,275 - INFO - Dataset size: 5000 | DataLoader batches: 40
2025-03-05 12:38:04,275 - INFO - Dataset size: 5000 | DataLoader batches: 40
2025-03-05 12:38:04,275 - INFO - Dataset size: 5000 | DataLoader batches: 40
2025-03-05 12:38:04,275 - INFO - Dataset size: 5000 | DataLoader batches: 40
2025-03-05 12:38:04,275 - INFO - Dataset size: 5000 | DataLoader batches: 40
2025-03-05 12:44:31,476 - INFO - Loading labeled dataset...
2025-03-05 12:44:31,476 - INFO - Loading labeled dataset...
2025-03-05 12:44:31,476 - INFO - Loading labeled dataset...
2025-03-05 12:44:31,476 - INFO - Loading labeled dataset...
2025-03-05 12:44:31,476 - INFO - Loading labeled dataset...
2025-03-05 12:44:31,476 - INFO - Loading labeled dataset...
2025-03-05 12:44:31,476 - INFO - Loading labeled dataset...
2025-03-05 12:44:31,527 - INFO - Dataset size: 5000 | DataLoader batches: 40
2025-03-05 12:44:31,527 - INFO - Dataset size: 5000 | DataLoader batches: 40
2025-03-05 12:44:31,527 - INFO - Dataset size: 5000 | DataLoader batches: 40
2025-03-05 12:44:31,527 - INFO - Dataset size: 5000 | DataLoader batches: 40
2025-03-05 12:44:31,527 - INFO - Dataset size: 5000 | DataLoader batches: 40
2025-03-05 12:44:31,527 - INFO - Dataset size: 5000 | DataLoader batches: 40
2025-03-05 12:44:31,527 - INFO - Dataset size: 5000 | DataLoader batches: 40
2025-03-05 12:44:53,009 - INFO - Top-1 Accuracy: 0.8952
2025-03-05 12:44:53,009 - INFO - Top-1 Accuracy: 0.8952
2025-03-05 12:44:53,009 - INFO - Top-1 Accuracy: 0.8952
2025-03-05 12:44:53,009 - INFO - Top-1 Accuracy: 0.8952
2025-03-05 12:44:53,009 - INFO - Top-1 Accuracy: 0.8952
2025-03-05 12:44:53,009 - INFO - Top-1 Accuracy: 0.8952
2025-03-05 12:44:53,009 - INFO - Top-1 Accuracy: 0.8952
2025-03-05 12:44:53,009 - INFO - Top-5 Accuracy: 0.9880
2025-03-05 12:44:53,009 - INFO - Top-5 Accuracy: 0.9880
2025-03-05 12:44:53,009 - INFO - Top-5 Accuracy: 0.9880
2025-03-05 12:44:53,009 - INFO - Top-5 Accuracy: 0.9880
2025-03-05 12:44:53,009 - INFO - Top-5 Accuracy: 0.9880
2025-03-05 12:44:53,009 - INFO - Top-5 Accuracy: 0.9880
2025-03-05 12:44:53,009 - INFO - Top-5 Accuracy: 0.9880
2025-03-05 12:44:53,011 - INFO - Manual Quantization Accuracy: 0.8952
2025-03-05 12:44:53,011 - INFO - Manual Quantization Accuracy: 0.8952
2025-03-05 12:44:53,011 - INFO - Manual Quantization Accuracy: 0.8952
2025-03-05 12:44:53,011 - INFO - Manual Quantization Accuracy: 0.8952
2025-03-05 12:44:53,011 - INFO - Manual Quantization Accuracy: 0.8952
2025-03-05 12:44:53,011 - INFO - Manual Quantization Accuracy: 0.8952
2025-03-05 12:44:53,011 - INFO - Manual Quantization Accuracy: 0.8952
2025-03-05 12:48:11,933 - INFO - Preparing and validating the model for quantization...
2025-03-05 12:48:11,933 - INFO - Preparing and validating the model for quantization...
2025-03-05 12:48:11,933 - INFO - Preparing and validating the model for quantization...
2025-03-05 12:48:11,933 - INFO - Preparing and validating the model for quantization...
2025-03-05 12:48:11,933 - INFO - Preparing and validating the model for quantization...
2025-03-05 12:48:11,933 - INFO - Preparing and validating the model for quantization...
2025-03-05 12:48:11,933 - INFO - Preparing and validating the model for quantization...
2025-03-05 12:48:25,770 - INFO - ✅ Model successfully prepared and validated for AIMET quantization.
2025-03-05 12:48:25,770 - INFO - ✅ Model successfully prepared and validated for AIMET quantization.
2025-03-05 12:48:25,770 - INFO - ✅ Model successfully prepared and validated for AIMET quantization.
2025-03-05 12:48:25,770 - INFO - ✅ Model successfully prepared and validated for AIMET quantization.
2025-03-05 12:48:25,770 - INFO - ✅ Model successfully prepared and validated for AIMET quantization.
2025-03-05 12:48:25,770 - INFO - ✅ Model successfully prepared and validated for AIMET quantization.
2025-03-05 12:48:25,770 - INFO - ✅ Model successfully prepared and validated for AIMET quantization.
2025-03-05 12:48:25,770 - INFO - Loading labeled dataset...
2025-03-05 12:48:25,770 - INFO - Loading labeled dataset...
2025-03-05 12:48:25,770 - INFO - Loading labeled dataset...
2025-03-05 12:48:25,770 - INFO - Loading labeled dataset...
2025-03-05 12:48:25,770 - INFO - Loading labeled dataset...
2025-03-05 12:48:25,770 - INFO - Loading labeled dataset...
2025-03-05 12:48:25,770 - INFO - Loading labeled dataset...
2025-03-05 12:48:25,817 - INFO - Dataset size: 5000 | DataLoader batches: 40
2025-03-05 12:48:25,817 - INFO - Dataset size: 5000 | DataLoader batches: 40
2025-03-05 12:48:25,817 - INFO - Dataset size: 5000 | DataLoader batches: 40
2025-03-05 12:48:25,817 - INFO - Dataset size: 5000 | DataLoader batches: 40
2025-03-05 12:48:25,817 - INFO - Dataset size: 5000 | DataLoader batches: 40
2025-03-05 12:48:25,817 - INFO - Dataset size: 5000 | DataLoader batches: 40
2025-03-05 12:48:25,817 - INFO - Dataset size: 5000 | DataLoader batches: 40
2025-03-05 12:48:25,817 - INFO - Performing Manual Quantization...
2025-03-05 12:48:25,817 - INFO - Performing Manual Quantization...
2025-03-05 12:48:25,817 - INFO - Performing Manual Quantization...
2025-03-05 12:48:25,817 - INFO - Performing Manual Quantization...
2025-03-05 12:48:25,817 - INFO - Performing Manual Quantization...
2025-03-05 12:48:25,817 - INFO - Performing Manual Quantization...
2025-03-05 12:48:25,817 - INFO - Performing Manual Quantization...
2025-03-05 12:48:41,317 - INFO - Loading labeled dataset...
2025-03-05 12:48:41,317 - INFO - Loading labeled dataset...
2025-03-05 12:48:41,317 - INFO - Loading labeled dataset...
2025-03-05 12:48:41,317 - INFO - Loading labeled dataset...
2025-03-05 12:48:41,317 - INFO - Loading labeled dataset...
2025-03-05 12:48:41,317 - INFO - Loading labeled dataset...
2025-03-05 12:48:41,317 - INFO - Loading labeled dataset...
2025-03-05 12:48:41,361 - INFO - Dataset size: 5000 | DataLoader batches: 40
2025-03-05 12:48:41,361 - INFO - Dataset size: 5000 | DataLoader batches: 40
2025-03-05 12:48:41,361 - INFO - Dataset size: 5000 | DataLoader batches: 40
2025-03-05 12:48:41,361 - INFO - Dataset size: 5000 | DataLoader batches: 40
2025-03-05 12:48:41,361 - INFO - Dataset size: 5000 | DataLoader batches: 40
2025-03-05 12:48:41,361 - INFO - Dataset size: 5000 | DataLoader batches: 40
2025-03-05 12:48:41,361 - INFO - Dataset size: 5000 | DataLoader batches: 40
2025-03-05 12:55:53,534 - INFO - Loading labeled dataset...
2025-03-05 12:55:53,534 - INFO - Loading labeled dataset...
2025-03-05 12:55:53,534 - INFO - Loading labeled dataset...
2025-03-05 12:55:53,534 - INFO - Loading labeled dataset...
2025-03-05 12:55:53,534 - INFO - Loading labeled dataset...
2025-03-05 12:55:53,534 - INFO - Loading labeled dataset...
2025-03-05 12:55:53,534 - INFO - Loading labeled dataset...
2025-03-05 12:55:53,578 - INFO - Dataset size: 5000 | DataLoader batches: 40
2025-03-05 12:55:53,578 - INFO - Dataset size: 5000 | DataLoader batches: 40
2025-03-05 12:55:53,578 - INFO - Dataset size: 5000 | DataLoader batches: 40
2025-03-05 12:55:53,578 - INFO - Dataset size: 5000 | DataLoader batches: 40
2025-03-05 12:55:53,578 - INFO - Dataset size: 5000 | DataLoader batches: 40
2025-03-05 12:55:53,578 - INFO - Dataset size: 5000 | DataLoader batches: 40
2025-03-05 12:55:53,578 - INFO - Dataset size: 5000 | DataLoader batches: 40
2025-03-05 12:56:14,520 - INFO - Top-1 Accuracy: 0.8952
2025-03-05 12:56:14,520 - INFO - Top-1 Accuracy: 0.8952
2025-03-05 12:56:14,520 - INFO - Top-1 Accuracy: 0.8952
2025-03-05 12:56:14,520 - INFO - Top-1 Accuracy: 0.8952
2025-03-05 12:56:14,520 - INFO - Top-1 Accuracy: 0.8952
2025-03-05 12:56:14,520 - INFO - Top-1 Accuracy: 0.8952
2025-03-05 12:56:14,520 - INFO - Top-1 Accuracy: 0.8952
2025-03-05 12:56:14,520 - INFO - Top-5 Accuracy: 0.9880
2025-03-05 12:56:14,520 - INFO - Top-5 Accuracy: 0.9880
2025-03-05 12:56:14,520 - INFO - Top-5 Accuracy: 0.9880
2025-03-05 12:56:14,520 - INFO - Top-5 Accuracy: 0.9880
2025-03-05 12:56:14,520 - INFO - Top-5 Accuracy: 0.9880
2025-03-05 12:56:14,520 - INFO - Top-5 Accuracy: 0.9880
2025-03-05 12:56:14,520 - INFO - Top-5 Accuracy: 0.9880
2025-03-05 12:56:14,522 - INFO - Manual Quantization Accuracy: 0.8952
2025-03-05 12:56:14,522 - INFO - Manual Quantization Accuracy: 0.8952
2025-03-05 12:56:14,522 - INFO - Manual Quantization Accuracy: 0.8952
2025-03-05 12:56:14,522 - INFO - Manual Quantization Accuracy: 0.8952
2025-03-05 12:56:14,522 - INFO - Manual Quantization Accuracy: 0.8952
2025-03-05 12:56:14,522 - INFO - Manual Quantization Accuracy: 0.8952
2025-03-05 12:56:14,522 - INFO - Manual Quantization Accuracy: 0.8952
2025-03-05 12:56:19,104 - INFO - Performing Manual Quantization...
2025-03-05 12:56:19,104 - INFO - Performing Manual Quantization...
2025-03-05 12:56:19,104 - INFO - Performing Manual Quantization...
2025-03-05 12:56:19,104 - INFO - Performing Manual Quantization...
2025-03-05 12:56:19,104 - INFO - Performing Manual Quantization...
2025-03-05 12:56:19,104 - INFO - Performing Manual Quantization...
2025-03-05 12:56:19,104 - INFO - Performing Manual Quantization...
2025-03-05 12:56:36,671 - INFO - Loading labeled dataset...
2025-03-05 12:56:36,671 - INFO - Loading labeled dataset...
2025-03-05 12:56:36,671 - INFO - Loading labeled dataset...
2025-03-05 12:56:36,671 - INFO - Loading labeled dataset...
2025-03-05 12:56:36,671 - INFO - Loading labeled dataset...
2025-03-05 12:56:36,671 - INFO - Loading labeled dataset...
2025-03-05 12:56:36,671 - INFO - Loading labeled dataset...
2025-03-05 12:56:36,716 - INFO - Dataset size: 5000 | DataLoader batches: 40
2025-03-05 12:56:36,716 - INFO - Dataset size: 5000 | DataLoader batches: 40
2025-03-05 12:56:36,716 - INFO - Dataset size: 5000 | DataLoader batches: 40
2025-03-05 12:56:36,716 - INFO - Dataset size: 5000 | DataLoader batches: 40
2025-03-05 12:56:36,716 - INFO - Dataset size: 5000 | DataLoader batches: 40
2025-03-05 12:56:36,716 - INFO - Dataset size: 5000 | DataLoader batches: 40
2025-03-05 12:56:36,716 - INFO - Dataset size: 5000 | DataLoader batches: 40
2025-03-05 13:05:24,581 - INFO - Loading labeled dataset...
2025-03-05 13:05:24,581 - INFO - Loading labeled dataset...
2025-03-05 13:05:24,581 - INFO - Loading labeled dataset...
2025-03-05 13:05:24,581 - INFO - Loading labeled dataset...
2025-03-05 13:05:24,581 - INFO - Loading labeled dataset...
2025-03-05 13:05:24,581 - INFO - Loading labeled dataset...
2025-03-05 13:05:24,581 - INFO - Loading labeled dataset...
2025-03-05 13:05:24,625 - INFO - Dataset size: 5000 | DataLoader batches: 40
2025-03-05 13:05:24,625 - INFO - Dataset size: 5000 | DataLoader batches: 40
2025-03-05 13:05:24,625 - INFO - Dataset size: 5000 | DataLoader batches: 40
2025-03-05 13:05:24,625 - INFO - Dataset size: 5000 | DataLoader batches: 40
2025-03-05 13:05:24,625 - INFO - Dataset size: 5000 | DataLoader batches: 40
2025-03-05 13:05:24,625 - INFO - Dataset size: 5000 | DataLoader batches: 40
2025-03-05 13:05:24,625 - INFO - Dataset size: 5000 | DataLoader batches: 40
2025-03-05 13:05:44,532 - INFO - Top-1 Accuracy: 0.8952
2025-03-05 13:05:44,532 - INFO - Top-1 Accuracy: 0.8952
2025-03-05 13:05:44,532 - INFO - Top-1 Accuracy: 0.8952
2025-03-05 13:05:44,532 - INFO - Top-1 Accuracy: 0.8952
2025-03-05 13:05:44,532 - INFO - Top-1 Accuracy: 0.8952
2025-03-05 13:05:44,532 - INFO - Top-1 Accuracy: 0.8952
2025-03-05 13:05:44,532 - INFO - Top-1 Accuracy: 0.8952
2025-03-05 13:05:44,532 - INFO - Top-5 Accuracy: 0.9880
2025-03-05 13:05:44,532 - INFO - Top-5 Accuracy: 0.9880
2025-03-05 13:05:44,532 - INFO - Top-5 Accuracy: 0.9880
2025-03-05 13:05:44,532 - INFO - Top-5 Accuracy: 0.9880
2025-03-05 13:05:44,532 - INFO - Top-5 Accuracy: 0.9880
2025-03-05 13:05:44,532 - INFO - Top-5 Accuracy: 0.9880
2025-03-05 13:05:44,532 - INFO - Top-5 Accuracy: 0.9880
2025-03-05 13:05:44,534 - INFO - Manual Quantization Accuracy: 0.8952
2025-03-05 13:05:44,534 - INFO - Manual Quantization Accuracy: 0.8952
2025-03-05 13:05:44,534 - INFO - Manual Quantization Accuracy: 0.8952
2025-03-05 13:05:44,534 - INFO - Manual Quantization Accuracy: 0.8952
2025-03-05 13:05:44,534 - INFO - Manual Quantization Accuracy: 0.8952
2025-03-05 13:05:44,534 - INFO - Manual Quantization Accuracy: 0.8952
2025-03-05 13:05:44,534 - INFO - Manual Quantization Accuracy: 0.8952
2025-03-05 13:07:29,324 - INFO - Preparing and validating the model for quantization...
2025-03-05 13:07:29,324 - INFO - Preparing and validating the model for quantization...
2025-03-05 13:07:29,324 - INFO - Preparing and validating the model for quantization...
2025-03-05 13:07:29,324 - INFO - Preparing and validating the model for quantization...
2025-03-05 13:07:29,324 - INFO - Preparing and validating the model for quantization...
2025-03-05 13:07:29,324 - INFO - Preparing and validating the model for quantization...
2025-03-05 13:07:29,324 - INFO - Preparing and validating the model for quantization...
2025-03-05 13:07:43,363 - INFO - ✅ Model successfully prepared and validated for AIMET quantization.
2025-03-05 13:07:43,363 - INFO - ✅ Model successfully prepared and validated for AIMET quantization.
2025-03-05 13:07:43,363 - INFO - ✅ Model successfully prepared and validated for AIMET quantization.
2025-03-05 13:07:43,363 - INFO - ✅ Model successfully prepared and validated for AIMET quantization.
2025-03-05 13:07:43,363 - INFO - ✅ Model successfully prepared and validated for AIMET quantization.
2025-03-05 13:07:43,363 - INFO - ✅ Model successfully prepared and validated for AIMET quantization.
2025-03-05 13:07:43,363 - INFO - ✅ Model successfully prepared and validated for AIMET quantization.
2025-03-05 13:07:43,364 - INFO - Loading labeled dataset...
2025-03-05 13:07:43,364 - INFO - Loading labeled dataset...
2025-03-05 13:07:43,364 - INFO - Loading labeled dataset...
2025-03-05 13:07:43,364 - INFO - Loading labeled dataset...
2025-03-05 13:07:43,364 - INFO - Loading labeled dataset...
2025-03-05 13:07:43,364 - INFO - Loading labeled dataset...
2025-03-05 13:07:43,364 - INFO - Loading labeled dataset...
2025-03-05 13:07:43,411 - INFO - Dataset size: 5000 | DataLoader batches: 40
2025-03-05 13:07:43,411 - INFO - Dataset size: 5000 | DataLoader batches: 40
2025-03-05 13:07:43,411 - INFO - Dataset size: 5000 | DataLoader batches: 40
2025-03-05 13:07:43,411 - INFO - Dataset size: 5000 | DataLoader batches: 40
2025-03-05 13:07:43,411 - INFO - Dataset size: 5000 | DataLoader batches: 40
2025-03-05 13:07:43,411 - INFO - Dataset size: 5000 | DataLoader batches: 40
2025-03-05 13:07:43,411 - INFO - Dataset size: 5000 | DataLoader batches: 40
2025-03-05 13:07:43,412 - INFO - Performing Manual Quantization...
2025-03-05 13:07:43,412 - INFO - Performing Manual Quantization...
2025-03-05 13:07:43,412 - INFO - Performing Manual Quantization...
2025-03-05 13:07:43,412 - INFO - Performing Manual Quantization...
2025-03-05 13:07:43,412 - INFO - Performing Manual Quantization...
2025-03-05 13:07:43,412 - INFO - Performing Manual Quantization...
2025-03-05 13:07:43,412 - INFO - Performing Manual Quantization...
2025-03-05 13:07:59,367 - INFO - Loading labeled dataset...
2025-03-05 13:07:59,367 - INFO - Loading labeled dataset...
2025-03-05 13:07:59,367 - INFO - Loading labeled dataset...
2025-03-05 13:07:59,367 - INFO - Loading labeled dataset...
2025-03-05 13:07:59,367 - INFO - Loading labeled dataset...
2025-03-05 13:07:59,367 - INFO - Loading labeled dataset...
2025-03-05 13:07:59,367 - INFO - Loading labeled dataset...
2025-03-05 13:07:59,411 - INFO - Dataset size: 5000 | DataLoader batches: 40
2025-03-05 13:07:59,411 - INFO - Dataset size: 5000 | DataLoader batches: 40
2025-03-05 13:07:59,411 - INFO - Dataset size: 5000 | DataLoader batches: 40
2025-03-05 13:07:59,411 - INFO - Dataset size: 5000 | DataLoader batches: 40
2025-03-05 13:07:59,411 - INFO - Dataset size: 5000 | DataLoader batches: 40
2025-03-05 13:07:59,411 - INFO - Dataset size: 5000 | DataLoader batches: 40
2025-03-05 13:07:59,411 - INFO - Dataset size: 5000 | DataLoader batches: 40
2025-03-05 13:12:56,900 - INFO - Loading labeled dataset...
2025-03-05 13:12:56,900 - INFO - Loading labeled dataset...
2025-03-05 13:12:56,900 - INFO - Loading labeled dataset...
2025-03-05 13:12:56,900 - INFO - Loading labeled dataset...
2025-03-05 13:12:56,900 - INFO - Loading labeled dataset...
2025-03-05 13:12:56,900 - INFO - Loading labeled dataset...
2025-03-05 13:12:56,900 - INFO - Loading labeled dataset...
2025-03-05 13:12:56,958 - INFO - Dataset size: 5000 | DataLoader batches: 40
2025-03-05 13:12:56,958 - INFO - Dataset size: 5000 | DataLoader batches: 40
2025-03-05 13:12:56,958 - INFO - Dataset size: 5000 | DataLoader batches: 40
2025-03-05 13:12:56,958 - INFO - Dataset size: 5000 | DataLoader batches: 40
2025-03-05 13:12:56,958 - INFO - Dataset size: 5000 | DataLoader batches: 40
2025-03-05 13:12:56,958 - INFO - Dataset size: 5000 | DataLoader batches: 40
2025-03-05 13:12:56,958 - INFO - Dataset size: 5000 | DataLoader batches: 40
2025-03-05 13:13:17,903 - INFO - Top-1 Accuracy: 0.8952
2025-03-05 13:13:17,903 - INFO - Top-1 Accuracy: 0.8952
2025-03-05 13:13:17,903 - INFO - Top-1 Accuracy: 0.8952
2025-03-05 13:13:17,903 - INFO - Top-1 Accuracy: 0.8952
2025-03-05 13:13:17,903 - INFO - Top-1 Accuracy: 0.8952
2025-03-05 13:13:17,903 - INFO - Top-1 Accuracy: 0.8952
2025-03-05 13:13:17,903 - INFO - Top-1 Accuracy: 0.8952
2025-03-05 13:13:17,903 - INFO - Top-5 Accuracy: 0.9880
2025-03-05 13:13:17,903 - INFO - Top-5 Accuracy: 0.9880
2025-03-05 13:13:17,903 - INFO - Top-5 Accuracy: 0.9880
2025-03-05 13:13:17,903 - INFO - Top-5 Accuracy: 0.9880
2025-03-05 13:13:17,903 - INFO - Top-5 Accuracy: 0.9880
2025-03-05 13:13:17,903 - INFO - Top-5 Accuracy: 0.9880
2025-03-05 13:13:17,903 - INFO - Top-5 Accuracy: 0.9880
2025-03-05 13:13:17,905 - INFO - Manual Quantization Accuracy: 0.8952
2025-03-05 13:13:17,905 - INFO - Manual Quantization Accuracy: 0.8952
2025-03-05 13:13:17,905 - INFO - Manual Quantization Accuracy: 0.8952
2025-03-05 13:13:17,905 - INFO - Manual Quantization Accuracy: 0.8952
2025-03-05 13:13:17,905 - INFO - Manual Quantization Accuracy: 0.8952
2025-03-05 13:13:17,905 - INFO - Manual Quantization Accuracy: 0.8952
2025-03-05 13:13:17,905 - INFO - Manual Quantization Accuracy: 0.8952
2025-03-05 13:47:29,892 - INFO - Preparing and validating the model for quantization...
2025-03-05 13:47:29,892 - INFO - Preparing and validating the model for quantization...
2025-03-05 13:47:29,892 - INFO - Preparing and validating the model for quantization...
2025-03-05 13:47:29,892 - INFO - Preparing and validating the model for quantization...
2025-03-05 13:47:29,892 - INFO - Preparing and validating the model for quantization...
2025-03-05 13:47:29,892 - INFO - Preparing and validating the model for quantization...
2025-03-05 13:47:29,892 - INFO - Preparing and validating the model for quantization...
2025-03-05 13:47:43,094 - INFO - ✅ Model successfully prepared and validated for AIMET quantization.
2025-03-05 13:47:43,094 - INFO - ✅ Model successfully prepared and validated for AIMET quantization.
2025-03-05 13:47:43,094 - INFO - ✅ Model successfully prepared and validated for AIMET quantization.
2025-03-05 13:47:43,094 - INFO - ✅ Model successfully prepared and validated for AIMET quantization.
2025-03-05 13:47:43,094 - INFO - ✅ Model successfully prepared and validated for AIMET quantization.
2025-03-05 13:47:43,094 - INFO - ✅ Model successfully prepared and validated for AIMET quantization.
2025-03-05 13:47:43,094 - INFO - ✅ Model successfully prepared and validated for AIMET quantization.
2025-03-05 13:47:43,095 - INFO - Loading labeled dataset...
2025-03-05 13:47:43,095 - INFO - Loading labeled dataset...
2025-03-05 13:47:43,095 - INFO - Loading labeled dataset...
2025-03-05 13:47:43,095 - INFO - Loading labeled dataset...
2025-03-05 13:47:43,095 - INFO - Loading labeled dataset...
2025-03-05 13:47:43,095 - INFO - Loading labeled dataset...
2025-03-05 13:47:43,095 - INFO - Loading labeled dataset...
2025-03-05 13:47:43,139 - INFO - Dataset size: 5000 | DataLoader batches: 40
2025-03-05 13:47:43,139 - INFO - Dataset size: 5000 | DataLoader batches: 40
2025-03-05 13:47:43,139 - INFO - Dataset size: 5000 | DataLoader batches: 40
2025-03-05 13:47:43,139 - INFO - Dataset size: 5000 | DataLoader batches: 40
2025-03-05 13:47:43,139 - INFO - Dataset size: 5000 | DataLoader batches: 40
2025-03-05 13:47:43,139 - INFO - Dataset size: 5000 | DataLoader batches: 40
2025-03-05 13:47:43,139 - INFO - Dataset size: 5000 | DataLoader batches: 40
2025-03-05 13:47:43,139 - INFO - Performing Manual Quantization...
2025-03-05 13:47:43,139 - INFO - Performing Manual Quantization...
2025-03-05 13:47:43,139 - INFO - Performing Manual Quantization...
2025-03-05 13:47:43,139 - INFO - Performing Manual Quantization...
2025-03-05 13:47:43,139 - INFO - Performing Manual Quantization...
2025-03-05 13:47:43,139 - INFO - Performing Manual Quantization...
2025-03-05 13:47:43,139 - INFO - Performing Manual Quantization...
2025-03-05 13:47:58,005 - INFO - Loading labeled dataset...
2025-03-05 13:47:58,005 - INFO - Loading labeled dataset...
2025-03-05 13:47:58,005 - INFO - Loading labeled dataset...
2025-03-05 13:47:58,005 - INFO - Loading labeled dataset...
2025-03-05 13:47:58,005 - INFO - Loading labeled dataset...
2025-03-05 13:47:58,005 - INFO - Loading labeled dataset...
2025-03-05 13:47:58,005 - INFO - Loading labeled dataset...
2025-03-05 13:47:58,048 - INFO - Dataset size: 5000 | DataLoader batches: 40
2025-03-05 13:47:58,048 - INFO - Dataset size: 5000 | DataLoader batches: 40
2025-03-05 13:47:58,048 - INFO - Dataset size: 5000 | DataLoader batches: 40
2025-03-05 13:47:58,048 - INFO - Dataset size: 5000 | DataLoader batches: 40
2025-03-05 13:47:58,048 - INFO - Dataset size: 5000 | DataLoader batches: 40
2025-03-05 13:47:58,048 - INFO - Dataset size: 5000 | DataLoader batches: 40
2025-03-05 13:47:58,048 - INFO - Dataset size: 5000 | DataLoader batches: 40
2025-03-05 13:49:20,302 - INFO - Loading labeled dataset...
2025-03-05 13:49:20,302 - INFO - Loading labeled dataset...
2025-03-05 13:49:20,302 - INFO - Loading labeled dataset...
2025-03-05 13:49:20,302 - INFO - Loading labeled dataset...
2025-03-05 13:49:20,302 - INFO - Loading labeled dataset...
2025-03-05 13:49:20,302 - INFO - Loading labeled dataset...
2025-03-05 13:49:20,302 - INFO - Loading labeled dataset...
2025-03-05 13:49:20,345 - INFO - Dataset size: 5000 | DataLoader batches: 40
2025-03-05 13:49:20,345 - INFO - Dataset size: 5000 | DataLoader batches: 40
2025-03-05 13:49:20,345 - INFO - Dataset size: 5000 | DataLoader batches: 40
2025-03-05 13:49:20,345 - INFO - Dataset size: 5000 | DataLoader batches: 40
2025-03-05 13:49:20,345 - INFO - Dataset size: 5000 | DataLoader batches: 40
2025-03-05 13:49:20,345 - INFO - Dataset size: 5000 | DataLoader batches: 40
2025-03-05 13:49:20,345 - INFO - Dataset size: 5000 | DataLoader batches: 40
2025-03-05 13:49:38,038 - INFO - Top-1 Accuracy: 0.8952
2025-03-05 13:49:38,038 - INFO - Top-1 Accuracy: 0.8952
2025-03-05 13:49:38,038 - INFO - Top-1 Accuracy: 0.8952
2025-03-05 13:49:38,038 - INFO - Top-1 Accuracy: 0.8952
2025-03-05 13:49:38,038 - INFO - Top-1 Accuracy: 0.8952
2025-03-05 13:49:38,038 - INFO - Top-1 Accuracy: 0.8952
2025-03-05 13:49:38,038 - INFO - Top-1 Accuracy: 0.8952
2025-03-05 13:49:38,038 - INFO - Top-5 Accuracy: 0.9880
2025-03-05 13:49:38,038 - INFO - Top-5 Accuracy: 0.9880
2025-03-05 13:49:38,038 - INFO - Top-5 Accuracy: 0.9880
2025-03-05 13:49:38,038 - INFO - Top-5 Accuracy: 0.9880
2025-03-05 13:49:38,038 - INFO - Top-5 Accuracy: 0.9880
2025-03-05 13:49:38,038 - INFO - Top-5 Accuracy: 0.9880
2025-03-05 13:49:38,038 - INFO - Top-5 Accuracy: 0.9880
2025-03-05 13:49:38,039 - INFO - Manual Quantization Accuracy: 0.8952
2025-03-05 13:49:38,039 - INFO - Manual Quantization Accuracy: 0.8952
2025-03-05 13:49:38,039 - INFO - Manual Quantization Accuracy: 0.8952
2025-03-05 13:49:38,039 - INFO - Manual Quantization Accuracy: 0.8952
2025-03-05 13:49:38,039 - INFO - Manual Quantization Accuracy: 0.8952
2025-03-05 13:49:38,039 - INFO - Manual Quantization Accuracy: 0.8952
2025-03-05 13:49:38,039 - INFO - Manual Quantization Accuracy: 0.8952
2025-03-05 13:50:15,066 - INFO - Loading labeled dataset...
2025-03-05 13:50:15,066 - INFO - Loading labeled dataset...
2025-03-05 13:50:15,066 - INFO - Loading labeled dataset...
2025-03-05 13:50:15,066 - INFO - Loading labeled dataset...
2025-03-05 13:50:15,066 - INFO - Loading labeled dataset...
2025-03-05 13:50:15,066 - INFO - Loading labeled dataset...
2025-03-05 13:50:15,066 - INFO - Loading labeled dataset...
2025-03-05 13:50:15,109 - INFO - Dataset size: 5000 | DataLoader batches: 40
2025-03-05 13:50:15,109 - INFO - Dataset size: 5000 | DataLoader batches: 40
2025-03-05 13:50:15,109 - INFO - Dataset size: 5000 | DataLoader batches: 40
2025-03-05 13:50:15,109 - INFO - Dataset size: 5000 | DataLoader batches: 40
2025-03-05 13:50:15,109 - INFO - Dataset size: 5000 | DataLoader batches: 40
2025-03-05 13:50:15,109 - INFO - Dataset size: 5000 | DataLoader batches: 40
2025-03-05 13:50:15,109 - INFO - Dataset size: 5000 | DataLoader batches: 40
2025-03-05 13:50:32,893 - INFO - Top-1 Accuracy: 0.8946
2025-03-05 13:50:32,893 - INFO - Top-1 Accuracy: 0.8946
2025-03-05 13:50:32,893 - INFO - Top-1 Accuracy: 0.8946
2025-03-05 13:50:32,893 - INFO - Top-1 Accuracy: 0.8946
2025-03-05 13:50:32,893 - INFO - Top-1 Accuracy: 0.8946
2025-03-05 13:50:32,893 - INFO - Top-1 Accuracy: 0.8946
2025-03-05 13:50:32,893 - INFO - Top-1 Accuracy: 0.8946
2025-03-05 13:50:32,893 - INFO - Top-5 Accuracy: 0.9890
2025-03-05 13:50:32,893 - INFO - Top-5 Accuracy: 0.9890
2025-03-05 13:50:32,893 - INFO - Top-5 Accuracy: 0.9890
2025-03-05 13:50:32,893 - INFO - Top-5 Accuracy: 0.9890
2025-03-05 13:50:32,893 - INFO - Top-5 Accuracy: 0.9890
2025-03-05 13:50:32,893 - INFO - Top-5 Accuracy: 0.9890
2025-03-05 13:50:32,893 - INFO - Top-5 Accuracy: 0.9890
2025-03-05 13:51:05,190 - INFO - Loading labeled dataset...
2025-03-05 13:51:05,190 - INFO - Loading labeled dataset...
2025-03-05 13:51:05,190 - INFO - Loading labeled dataset...
2025-03-05 13:51:05,190 - INFO - Loading labeled dataset...
2025-03-05 13:51:05,190 - INFO - Loading labeled dataset...
2025-03-05 13:51:05,190 - INFO - Loading labeled dataset...
2025-03-05 13:51:05,190 - INFO - Loading labeled dataset...
2025-03-05 13:51:05,235 - INFO - Dataset size: 5000 | DataLoader batches: 40
2025-03-05 13:51:05,235 - INFO - Dataset size: 5000 | DataLoader batches: 40
2025-03-05 13:51:05,235 - INFO - Dataset size: 5000 | DataLoader batches: 40
2025-03-05 13:51:05,235 - INFO - Dataset size: 5000 | DataLoader batches: 40
2025-03-05 13:51:05,235 - INFO - Dataset size: 5000 | DataLoader batches: 40
2025-03-05 13:51:05,235 - INFO - Dataset size: 5000 | DataLoader batches: 40
2025-03-05 13:51:05,235 - INFO - Dataset size: 5000 | DataLoader batches: 40
2025-03-05 13:51:23,002 - INFO - Top-1 Accuracy: 0.8964
2025-03-05 13:51:23,002 - INFO - Top-1 Accuracy: 0.8964
2025-03-05 13:51:23,002 - INFO - Top-1 Accuracy: 0.8964
2025-03-05 13:51:23,002 - INFO - Top-1 Accuracy: 0.8964
2025-03-05 13:51:23,002 - INFO - Top-1 Accuracy: 0.8964
2025-03-05 13:51:23,002 - INFO - Top-1 Accuracy: 0.8964
2025-03-05 13:51:23,002 - INFO - Top-1 Accuracy: 0.8964
2025-03-05 13:51:23,003 - INFO - Top-5 Accuracy: 0.9886
2025-03-05 13:51:23,003 - INFO - Top-5 Accuracy: 0.9886
2025-03-05 13:51:23,003 - INFO - Top-5 Accuracy: 0.9886
2025-03-05 13:51:23,003 - INFO - Top-5 Accuracy: 0.9886
2025-03-05 13:51:23,003 - INFO - Top-5 Accuracy: 0.9886
2025-03-05 13:51:23,003 - INFO - Top-5 Accuracy: 0.9886
2025-03-05 13:51:23,003 - INFO - Top-5 Accuracy: 0.9886
2025-03-05 13:51:55,271 - INFO - Loading labeled dataset...
2025-03-05 13:51:55,271 - INFO - Loading labeled dataset...
2025-03-05 13:51:55,271 - INFO - Loading labeled dataset...
2025-03-05 13:51:55,271 - INFO - Loading labeled dataset...
2025-03-05 13:51:55,271 - INFO - Loading labeled dataset...
2025-03-05 13:51:55,271 - INFO - Loading labeled dataset...
2025-03-05 13:51:55,271 - INFO - Loading labeled dataset...
2025-03-05 13:51:55,316 - INFO - Dataset size: 5000 | DataLoader batches: 40
2025-03-05 13:51:55,316 - INFO - Dataset size: 5000 | DataLoader batches: 40
2025-03-05 13:51:55,316 - INFO - Dataset size: 5000 | DataLoader batches: 40
2025-03-05 13:51:55,316 - INFO - Dataset size: 5000 | DataLoader batches: 40
2025-03-05 13:51:55,316 - INFO - Dataset size: 5000 | DataLoader batches: 40
2025-03-05 13:51:55,316 - INFO - Dataset size: 5000 | DataLoader batches: 40
2025-03-05 13:51:55,316 - INFO - Dataset size: 5000 | DataLoader batches: 40
2025-03-05 13:52:13,056 - INFO - Top-1 Accuracy: 0.8992
2025-03-05 13:52:13,056 - INFO - Top-1 Accuracy: 0.8992
2025-03-05 13:52:13,056 - INFO - Top-1 Accuracy: 0.8992
2025-03-05 13:52:13,056 - INFO - Top-1 Accuracy: 0.8992
2025-03-05 13:52:13,056 - INFO - Top-1 Accuracy: 0.8992
2025-03-05 13:52:13,056 - INFO - Top-1 Accuracy: 0.8992
2025-03-05 13:52:13,056 - INFO - Top-1 Accuracy: 0.8992
2025-03-05 13:52:13,057 - INFO - Top-5 Accuracy: 0.9872
2025-03-05 13:52:13,057 - INFO - Top-5 Accuracy: 0.9872
2025-03-05 13:52:13,057 - INFO - Top-5 Accuracy: 0.9872
2025-03-05 13:52:13,057 - INFO - Top-5 Accuracy: 0.9872
2025-03-05 13:52:13,057 - INFO - Top-5 Accuracy: 0.9872
2025-03-05 13:52:13,057 - INFO - Top-5 Accuracy: 0.9872
2025-03-05 13:52:13,057 - INFO - Top-5 Accuracy: 0.9872
2025-03-05 13:52:45,425 - INFO - Loading labeled dataset...
2025-03-05 13:52:45,425 - INFO - Loading labeled dataset...
2025-03-05 13:52:45,425 - INFO - Loading labeled dataset...
2025-03-05 13:52:45,425 - INFO - Loading labeled dataset...
2025-03-05 13:52:45,425 - INFO - Loading labeled dataset...
2025-03-05 13:52:45,425 - INFO - Loading labeled dataset...
2025-03-05 13:52:45,425 - INFO - Loading labeled dataset...
2025-03-05 13:52:45,470 - INFO - Dataset size: 5000 | DataLoader batches: 40
2025-03-05 13:52:45,470 - INFO - Dataset size: 5000 | DataLoader batches: 40
2025-03-05 13:52:45,470 - INFO - Dataset size: 5000 | DataLoader batches: 40
2025-03-05 13:52:45,470 - INFO - Dataset size: 5000 | DataLoader batches: 40
2025-03-05 13:52:45,470 - INFO - Dataset size: 5000 | DataLoader batches: 40
2025-03-05 13:52:45,470 - INFO - Dataset size: 5000 | DataLoader batches: 40
2025-03-05 13:52:45,470 - INFO - Dataset size: 5000 | DataLoader batches: 40
2025-03-05 13:53:03,282 - INFO - Top-1 Accuracy: 0.8962
2025-03-05 13:53:03,282 - INFO - Top-1 Accuracy: 0.8962
2025-03-05 13:53:03,282 - INFO - Top-1 Accuracy: 0.8962
2025-03-05 13:53:03,282 - INFO - Top-1 Accuracy: 0.8962
2025-03-05 13:53:03,282 - INFO - Top-1 Accuracy: 0.8962
2025-03-05 13:53:03,282 - INFO - Top-1 Accuracy: 0.8962
2025-03-05 13:53:03,282 - INFO - Top-1 Accuracy: 0.8962
2025-03-05 13:53:03,282 - INFO - Top-5 Accuracy: 0.9886
2025-03-05 13:53:03,282 - INFO - Top-5 Accuracy: 0.9886
2025-03-05 13:53:03,282 - INFO - Top-5 Accuracy: 0.9886
2025-03-05 13:53:03,282 - INFO - Top-5 Accuracy: 0.9886
2025-03-05 13:53:03,282 - INFO - Top-5 Accuracy: 0.9886
2025-03-05 13:53:03,282 - INFO - Top-5 Accuracy: 0.9886
2025-03-05 13:53:03,282 - INFO - Top-5 Accuracy: 0.9886
2025-03-05 13:53:35,636 - INFO - Loading labeled dataset...
2025-03-05 13:53:35,636 - INFO - Loading labeled dataset...
2025-03-05 13:53:35,636 - INFO - Loading labeled dataset...
2025-03-05 13:53:35,636 - INFO - Loading labeled dataset...
2025-03-05 13:53:35,636 - INFO - Loading labeled dataset...
2025-03-05 13:53:35,636 - INFO - Loading labeled dataset...
2025-03-05 13:53:35,636 - INFO - Loading labeled dataset...
2025-03-05 13:53:35,681 - INFO - Dataset size: 5000 | DataLoader batches: 40
2025-03-05 13:53:35,681 - INFO - Dataset size: 5000 | DataLoader batches: 40
2025-03-05 13:53:35,681 - INFO - Dataset size: 5000 | DataLoader batches: 40
2025-03-05 13:53:35,681 - INFO - Dataset size: 5000 | DataLoader batches: 40
2025-03-05 13:53:35,681 - INFO - Dataset size: 5000 | DataLoader batches: 40
2025-03-05 13:53:35,681 - INFO - Dataset size: 5000 | DataLoader batches: 40
2025-03-05 13:53:35,681 - INFO - Dataset size: 5000 | DataLoader batches: 40
2025-03-05 13:53:53,438 - INFO - Top-1 Accuracy: 0.8986
2025-03-05 13:53:53,438 - INFO - Top-1 Accuracy: 0.8986
2025-03-05 13:53:53,438 - INFO - Top-1 Accuracy: 0.8986
2025-03-05 13:53:53,438 - INFO - Top-1 Accuracy: 0.8986
2025-03-05 13:53:53,438 - INFO - Top-1 Accuracy: 0.8986
2025-03-05 13:53:53,438 - INFO - Top-1 Accuracy: 0.8986
2025-03-05 13:53:53,438 - INFO - Top-1 Accuracy: 0.8986
2025-03-05 13:53:53,438 - INFO - Top-5 Accuracy: 0.9874
2025-03-05 13:53:53,438 - INFO - Top-5 Accuracy: 0.9874
2025-03-05 13:53:53,438 - INFO - Top-5 Accuracy: 0.9874
2025-03-05 13:53:53,438 - INFO - Top-5 Accuracy: 0.9874
2025-03-05 13:53:53,438 - INFO - Top-5 Accuracy: 0.9874
2025-03-05 13:53:53,438 - INFO - Top-5 Accuracy: 0.9874
2025-03-05 13:53:53,438 - INFO - Top-5 Accuracy: 0.9874
2025-03-05 13:54:25,709 - INFO - Loading labeled dataset...
2025-03-05 13:54:25,709 - INFO - Loading labeled dataset...
2025-03-05 13:54:25,709 - INFO - Loading labeled dataset...
2025-03-05 13:54:25,709 - INFO - Loading labeled dataset...
2025-03-05 13:54:25,709 - INFO - Loading labeled dataset...
2025-03-05 13:54:25,709 - INFO - Loading labeled dataset...
2025-03-05 13:54:25,709 - INFO - Loading labeled dataset...
2025-03-05 13:54:25,753 - INFO - Dataset size: 5000 | DataLoader batches: 40
2025-03-05 13:54:25,753 - INFO - Dataset size: 5000 | DataLoader batches: 40
2025-03-05 13:54:25,753 - INFO - Dataset size: 5000 | DataLoader batches: 40
2025-03-05 13:54:25,753 - INFO - Dataset size: 5000 | DataLoader batches: 40
2025-03-05 13:54:25,753 - INFO - Dataset size: 5000 | DataLoader batches: 40
2025-03-05 13:54:25,753 - INFO - Dataset size: 5000 | DataLoader batches: 40
2025-03-05 13:54:25,753 - INFO - Dataset size: 5000 | DataLoader batches: 40
2025-03-05 13:54:43,534 - INFO - Top-1 Accuracy: 0.8968
2025-03-05 13:54:43,534 - INFO - Top-1 Accuracy: 0.8968
2025-03-05 13:54:43,534 - INFO - Top-1 Accuracy: 0.8968
2025-03-05 13:54:43,534 - INFO - Top-1 Accuracy: 0.8968
2025-03-05 13:54:43,534 - INFO - Top-1 Accuracy: 0.8968
2025-03-05 13:54:43,534 - INFO - Top-1 Accuracy: 0.8968
2025-03-05 13:54:43,534 - INFO - Top-1 Accuracy: 0.8968
2025-03-05 13:54:43,534 - INFO - Top-5 Accuracy: 0.9884
2025-03-05 13:54:43,534 - INFO - Top-5 Accuracy: 0.9884
2025-03-05 13:54:43,534 - INFO - Top-5 Accuracy: 0.9884
2025-03-05 13:54:43,534 - INFO - Top-5 Accuracy: 0.9884
2025-03-05 13:54:43,534 - INFO - Top-5 Accuracy: 0.9884
2025-03-05 13:54:43,534 - INFO - Top-5 Accuracy: 0.9884
2025-03-05 13:54:43,534 - INFO - Top-5 Accuracy: 0.9884
2025-03-05 13:55:15,878 - INFO - Loading labeled dataset...
2025-03-05 13:55:15,878 - INFO - Loading labeled dataset...
2025-03-05 13:55:15,878 - INFO - Loading labeled dataset...
2025-03-05 13:55:15,878 - INFO - Loading labeled dataset...
2025-03-05 13:55:15,878 - INFO - Loading labeled dataset...
2025-03-05 13:55:15,878 - INFO - Loading labeled dataset...
2025-03-05 13:55:15,878 - INFO - Loading labeled dataset...
2025-03-05 13:55:15,923 - INFO - Dataset size: 5000 | DataLoader batches: 40
2025-03-05 13:55:15,923 - INFO - Dataset size: 5000 | DataLoader batches: 40
2025-03-05 13:55:15,923 - INFO - Dataset size: 5000 | DataLoader batches: 40
2025-03-05 13:55:15,923 - INFO - Dataset size: 5000 | DataLoader batches: 40
2025-03-05 13:55:15,923 - INFO - Dataset size: 5000 | DataLoader batches: 40
2025-03-05 13:55:15,923 - INFO - Dataset size: 5000 | DataLoader batches: 40
2025-03-05 13:55:15,923 - INFO - Dataset size: 5000 | DataLoader batches: 40
2025-03-05 13:55:33,688 - INFO - Top-1 Accuracy: 0.8956
2025-03-05 13:55:33,688 - INFO - Top-1 Accuracy: 0.8956
2025-03-05 13:55:33,688 - INFO - Top-1 Accuracy: 0.8956
2025-03-05 13:55:33,688 - INFO - Top-1 Accuracy: 0.8956
2025-03-05 13:55:33,688 - INFO - Top-1 Accuracy: 0.8956
2025-03-05 13:55:33,688 - INFO - Top-1 Accuracy: 0.8956
2025-03-05 13:55:33,688 - INFO - Top-1 Accuracy: 0.8956
2025-03-05 13:55:33,689 - INFO - Top-5 Accuracy: 0.9902
2025-03-05 13:55:33,689 - INFO - Top-5 Accuracy: 0.9902
2025-03-05 13:55:33,689 - INFO - Top-5 Accuracy: 0.9902
2025-03-05 13:55:33,689 - INFO - Top-5 Accuracy: 0.9902
2025-03-05 13:55:33,689 - INFO - Top-5 Accuracy: 0.9902
2025-03-05 13:55:33,689 - INFO - Top-5 Accuracy: 0.9902
2025-03-05 13:55:33,689 - INFO - Top-5 Accuracy: 0.9902
2025-03-05 13:56:05,970 - INFO - Loading labeled dataset...
2025-03-05 13:56:05,970 - INFO - Loading labeled dataset...
2025-03-05 13:56:05,970 - INFO - Loading labeled dataset...
2025-03-05 13:56:05,970 - INFO - Loading labeled dataset...
2025-03-05 13:56:05,970 - INFO - Loading labeled dataset...
2025-03-05 13:56:05,970 - INFO - Loading labeled dataset...
2025-03-05 13:56:05,970 - INFO - Loading labeled dataset...
2025-03-05 13:56:06,015 - INFO - Dataset size: 5000 | DataLoader batches: 40
2025-03-05 13:56:06,015 - INFO - Dataset size: 5000 | DataLoader batches: 40
2025-03-05 13:56:06,015 - INFO - Dataset size: 5000 | DataLoader batches: 40
2025-03-05 13:56:06,015 - INFO - Dataset size: 5000 | DataLoader batches: 40
2025-03-05 13:56:06,015 - INFO - Dataset size: 5000 | DataLoader batches: 40
2025-03-05 13:56:06,015 - INFO - Dataset size: 5000 | DataLoader batches: 40
2025-03-05 13:56:06,015 - INFO - Dataset size: 5000 | DataLoader batches: 40
2025-03-05 13:56:23,831 - INFO - Top-1 Accuracy: 0.8940
2025-03-05 13:56:23,831 - INFO - Top-1 Accuracy: 0.8940
2025-03-05 13:56:23,831 - INFO - Top-1 Accuracy: 0.8940
2025-03-05 13:56:23,831 - INFO - Top-1 Accuracy: 0.8940
2025-03-05 13:56:23,831 - INFO - Top-1 Accuracy: 0.8940
2025-03-05 13:56:23,831 - INFO - Top-1 Accuracy: 0.8940
2025-03-05 13:56:23,831 - INFO - Top-1 Accuracy: 0.8940
2025-03-05 13:56:23,832 - INFO - Top-5 Accuracy: 0.9886
2025-03-05 13:56:23,832 - INFO - Top-5 Accuracy: 0.9886
2025-03-05 13:56:23,832 - INFO - Top-5 Accuracy: 0.9886
2025-03-05 13:56:23,832 - INFO - Top-5 Accuracy: 0.9886
2025-03-05 13:56:23,832 - INFO - Top-5 Accuracy: 0.9886
2025-03-05 13:56:23,832 - INFO - Top-5 Accuracy: 0.9886
2025-03-05 13:56:23,832 - INFO - Top-5 Accuracy: 0.9886
2025-03-05 13:56:56,211 - INFO - Loading labeled dataset...
2025-03-05 13:56:56,211 - INFO - Loading labeled dataset...
2025-03-05 13:56:56,211 - INFO - Loading labeled dataset...
2025-03-05 13:56:56,211 - INFO - Loading labeled dataset...
2025-03-05 13:56:56,211 - INFO - Loading labeled dataset...
2025-03-05 13:56:56,211 - INFO - Loading labeled dataset...
2025-03-05 13:56:56,211 - INFO - Loading labeled dataset...
2025-03-05 13:56:56,256 - INFO - Dataset size: 5000 | DataLoader batches: 40
2025-03-05 13:56:56,256 - INFO - Dataset size: 5000 | DataLoader batches: 40
2025-03-05 13:56:56,256 - INFO - Dataset size: 5000 | DataLoader batches: 40
2025-03-05 13:56:56,256 - INFO - Dataset size: 5000 | DataLoader batches: 40
2025-03-05 13:56:56,256 - INFO - Dataset size: 5000 | DataLoader batches: 40
2025-03-05 13:56:56,256 - INFO - Dataset size: 5000 | DataLoader batches: 40
2025-03-05 13:56:56,256 - INFO - Dataset size: 5000 | DataLoader batches: 40
2025-03-05 13:57:14,105 - INFO - Top-1 Accuracy: 0.8936
2025-03-05 13:57:14,105 - INFO - Top-1 Accuracy: 0.8936
2025-03-05 13:57:14,105 - INFO - Top-1 Accuracy: 0.8936
2025-03-05 13:57:14,105 - INFO - Top-1 Accuracy: 0.8936
2025-03-05 13:57:14,105 - INFO - Top-1 Accuracy: 0.8936
2025-03-05 13:57:14,105 - INFO - Top-1 Accuracy: 0.8936
2025-03-05 13:57:14,105 - INFO - Top-1 Accuracy: 0.8936
2025-03-05 13:57:14,105 - INFO - Top-5 Accuracy: 0.9890
2025-03-05 13:57:14,105 - INFO - Top-5 Accuracy: 0.9890
2025-03-05 13:57:14,105 - INFO - Top-5 Accuracy: 0.9890
2025-03-05 13:57:14,105 - INFO - Top-5 Accuracy: 0.9890
2025-03-05 13:57:14,105 - INFO - Top-5 Accuracy: 0.9890
2025-03-05 13:57:14,105 - INFO - Top-5 Accuracy: 0.9890
2025-03-05 13:57:14,105 - INFO - Top-5 Accuracy: 0.9890
2025-03-05 13:57:46,583 - INFO - Loading labeled dataset...
2025-03-05 13:57:46,583 - INFO - Loading labeled dataset...
2025-03-05 13:57:46,583 - INFO - Loading labeled dataset...
2025-03-05 13:57:46,583 - INFO - Loading labeled dataset...
2025-03-05 13:57:46,583 - INFO - Loading labeled dataset...
2025-03-05 13:57:46,583 - INFO - Loading labeled dataset...
2025-03-05 13:57:46,583 - INFO - Loading labeled dataset...
2025-03-05 13:57:46,628 - INFO - Dataset size: 5000 | DataLoader batches: 40
2025-03-05 13:57:46,628 - INFO - Dataset size: 5000 | DataLoader batches: 40
2025-03-05 13:57:46,628 - INFO - Dataset size: 5000 | DataLoader batches: 40
2025-03-05 13:57:46,628 - INFO - Dataset size: 5000 | DataLoader batches: 40
2025-03-05 13:57:46,628 - INFO - Dataset size: 5000 | DataLoader batches: 40
2025-03-05 13:57:46,628 - INFO - Dataset size: 5000 | DataLoader batches: 40
2025-03-05 13:57:46,628 - INFO - Dataset size: 5000 | DataLoader batches: 40
2025-03-05 13:58:04,374 - INFO - Top-1 Accuracy: 0.8948
2025-03-05 13:58:04,374 - INFO - Top-1 Accuracy: 0.8948
2025-03-05 13:58:04,374 - INFO - Top-1 Accuracy: 0.8948
2025-03-05 13:58:04,374 - INFO - Top-1 Accuracy: 0.8948
2025-03-05 13:58:04,374 - INFO - Top-1 Accuracy: 0.8948
2025-03-05 13:58:04,374 - INFO - Top-1 Accuracy: 0.8948
2025-03-05 13:58:04,374 - INFO - Top-1 Accuracy: 0.8948
2025-03-05 13:58:04,374 - INFO - Top-5 Accuracy: 0.9882
2025-03-05 13:58:04,374 - INFO - Top-5 Accuracy: 0.9882
2025-03-05 13:58:04,374 - INFO - Top-5 Accuracy: 0.9882
2025-03-05 13:58:04,374 - INFO - Top-5 Accuracy: 0.9882
2025-03-05 13:58:04,374 - INFO - Top-5 Accuracy: 0.9882
2025-03-05 13:58:04,374 - INFO - Top-5 Accuracy: 0.9882
2025-03-05 13:58:04,374 - INFO - Top-5 Accuracy: 0.9882
2025-03-05 13:58:36,691 - INFO - Loading labeled dataset...
2025-03-05 13:58:36,691 - INFO - Loading labeled dataset...
2025-03-05 13:58:36,691 - INFO - Loading labeled dataset...
2025-03-05 13:58:36,691 - INFO - Loading labeled dataset...
2025-03-05 13:58:36,691 - INFO - Loading labeled dataset...
2025-03-05 13:58:36,691 - INFO - Loading labeled dataset...
2025-03-05 13:58:36,691 - INFO - Loading labeled dataset...
2025-03-05 13:58:36,735 - INFO - Dataset size: 5000 | DataLoader batches: 40
2025-03-05 13:58:36,735 - INFO - Dataset size: 5000 | DataLoader batches: 40
2025-03-05 13:58:36,735 - INFO - Dataset size: 5000 | DataLoader batches: 40
2025-03-05 13:58:36,735 - INFO - Dataset size: 5000 | DataLoader batches: 40
2025-03-05 13:58:36,735 - INFO - Dataset size: 5000 | DataLoader batches: 40
2025-03-05 13:58:36,735 - INFO - Dataset size: 5000 | DataLoader batches: 40
2025-03-05 13:58:36,735 - INFO - Dataset size: 5000 | DataLoader batches: 40
2025-03-05 13:58:54,574 - INFO - Top-1 Accuracy: 0.8948
2025-03-05 13:58:54,574 - INFO - Top-1 Accuracy: 0.8948
2025-03-05 13:58:54,574 - INFO - Top-1 Accuracy: 0.8948
2025-03-05 13:58:54,574 - INFO - Top-1 Accuracy: 0.8948
2025-03-05 13:58:54,574 - INFO - Top-1 Accuracy: 0.8948
2025-03-05 13:58:54,574 - INFO - Top-1 Accuracy: 0.8948
2025-03-05 13:58:54,574 - INFO - Top-1 Accuracy: 0.8948
2025-03-05 13:58:54,574 - INFO - Top-5 Accuracy: 0.9884
2025-03-05 13:58:54,574 - INFO - Top-5 Accuracy: 0.9884
2025-03-05 13:58:54,574 - INFO - Top-5 Accuracy: 0.9884
2025-03-05 13:58:54,574 - INFO - Top-5 Accuracy: 0.9884
2025-03-05 13:58:54,574 - INFO - Top-5 Accuracy: 0.9884
2025-03-05 13:58:54,574 - INFO - Top-5 Accuracy: 0.9884
2025-03-05 13:58:54,574 - INFO - Top-5 Accuracy: 0.9884
2025-03-05 13:59:26,960 - INFO - Loading labeled dataset...
2025-03-05 13:59:26,960 - INFO - Loading labeled dataset...
2025-03-05 13:59:26,960 - INFO - Loading labeled dataset...
2025-03-05 13:59:26,960 - INFO - Loading labeled dataset...
2025-03-05 13:59:26,960 - INFO - Loading labeled dataset...
2025-03-05 13:59:26,960 - INFO - Loading labeled dataset...
2025-03-05 13:59:26,960 - INFO - Loading labeled dataset...
2025-03-05 13:59:27,005 - INFO - Dataset size: 5000 | DataLoader batches: 40
2025-03-05 13:59:27,005 - INFO - Dataset size: 5000 | DataLoader batches: 40
2025-03-05 13:59:27,005 - INFO - Dataset size: 5000 | DataLoader batches: 40
2025-03-05 13:59:27,005 - INFO - Dataset size: 5000 | DataLoader batches: 40
2025-03-05 13:59:27,005 - INFO - Dataset size: 5000 | DataLoader batches: 40
2025-03-05 13:59:27,005 - INFO - Dataset size: 5000 | DataLoader batches: 40
2025-03-05 13:59:27,005 - INFO - Dataset size: 5000 | DataLoader batches: 40
2025-03-05 13:59:44,835 - INFO - Top-1 Accuracy: 0.8958
2025-03-05 13:59:44,835 - INFO - Top-1 Accuracy: 0.8958
2025-03-05 13:59:44,835 - INFO - Top-1 Accuracy: 0.8958
2025-03-05 13:59:44,835 - INFO - Top-1 Accuracy: 0.8958
2025-03-05 13:59:44,835 - INFO - Top-1 Accuracy: 0.8958
2025-03-05 13:59:44,835 - INFO - Top-1 Accuracy: 0.8958
2025-03-05 13:59:44,835 - INFO - Top-1 Accuracy: 0.8958
2025-03-05 13:59:44,835 - INFO - Top-5 Accuracy: 0.9868
2025-03-05 13:59:44,835 - INFO - Top-5 Accuracy: 0.9868
2025-03-05 13:59:44,835 - INFO - Top-5 Accuracy: 0.9868
2025-03-05 13:59:44,835 - INFO - Top-5 Accuracy: 0.9868
2025-03-05 13:59:44,835 - INFO - Top-5 Accuracy: 0.9868
2025-03-05 13:59:44,835 - INFO - Top-5 Accuracy: 0.9868
2025-03-05 13:59:44,835 - INFO - Top-5 Accuracy: 0.9868
2025-03-05 14:00:17,369 - INFO - Loading labeled dataset...
2025-03-05 14:00:17,369 - INFO - Loading labeled dataset...
2025-03-05 14:00:17,369 - INFO - Loading labeled dataset...
2025-03-05 14:00:17,369 - INFO - Loading labeled dataset...
2025-03-05 14:00:17,369 - INFO - Loading labeled dataset...
2025-03-05 14:00:17,369 - INFO - Loading labeled dataset...
2025-03-05 14:00:17,369 - INFO - Loading labeled dataset...
2025-03-05 14:00:17,413 - INFO - Dataset size: 5000 | DataLoader batches: 40
2025-03-05 14:00:17,413 - INFO - Dataset size: 5000 | DataLoader batches: 40
2025-03-05 14:00:17,413 - INFO - Dataset size: 5000 | DataLoader batches: 40
2025-03-05 14:00:17,413 - INFO - Dataset size: 5000 | DataLoader batches: 40
2025-03-05 14:00:17,413 - INFO - Dataset size: 5000 | DataLoader batches: 40
2025-03-05 14:00:17,413 - INFO - Dataset size: 5000 | DataLoader batches: 40
2025-03-05 14:00:17,413 - INFO - Dataset size: 5000 | DataLoader batches: 40
2025-03-05 14:00:35,184 - INFO - Top-1 Accuracy: 0.8958
2025-03-05 14:00:35,184 - INFO - Top-1 Accuracy: 0.8958
2025-03-05 14:00:35,184 - INFO - Top-1 Accuracy: 0.8958
2025-03-05 14:00:35,184 - INFO - Top-1 Accuracy: 0.8958
2025-03-05 14:00:35,184 - INFO - Top-1 Accuracy: 0.8958
2025-03-05 14:00:35,184 - INFO - Top-1 Accuracy: 0.8958
2025-03-05 14:00:35,184 - INFO - Top-1 Accuracy: 0.8958
2025-03-05 14:00:35,185 - INFO - Top-5 Accuracy: 0.9870
2025-03-05 14:00:35,185 - INFO - Top-5 Accuracy: 0.9870
2025-03-05 14:00:35,185 - INFO - Top-5 Accuracy: 0.9870
2025-03-05 14:00:35,185 - INFO - Top-5 Accuracy: 0.9870
2025-03-05 14:00:35,185 - INFO - Top-5 Accuracy: 0.9870
2025-03-05 14:00:35,185 - INFO - Top-5 Accuracy: 0.9870
2025-03-05 14:00:35,185 - INFO - Top-5 Accuracy: 0.9870
2025-03-05 14:01:07,482 - INFO - Loading labeled dataset...
2025-03-05 14:01:07,482 - INFO - Loading labeled dataset...
2025-03-05 14:01:07,482 - INFO - Loading labeled dataset...
2025-03-05 14:01:07,482 - INFO - Loading labeled dataset...
2025-03-05 14:01:07,482 - INFO - Loading labeled dataset...
2025-03-05 14:01:07,482 - INFO - Loading labeled dataset...
2025-03-05 14:01:07,482 - INFO - Loading labeled dataset...
2025-03-05 14:01:07,526 - INFO - Dataset size: 5000 | DataLoader batches: 40
2025-03-05 14:01:07,526 - INFO - Dataset size: 5000 | DataLoader batches: 40
2025-03-05 14:01:07,526 - INFO - Dataset size: 5000 | DataLoader batches: 40
2025-03-05 14:01:07,526 - INFO - Dataset size: 5000 | DataLoader batches: 40
2025-03-05 14:01:07,526 - INFO - Dataset size: 5000 | DataLoader batches: 40
2025-03-05 14:01:07,526 - INFO - Dataset size: 5000 | DataLoader batches: 40
2025-03-05 14:01:07,526 - INFO - Dataset size: 5000 | DataLoader batches: 40
2025-03-05 14:01:25,332 - INFO - Top-1 Accuracy: 0.8966
2025-03-05 14:01:25,332 - INFO - Top-1 Accuracy: 0.8966
2025-03-05 14:01:25,332 - INFO - Top-1 Accuracy: 0.8966
2025-03-05 14:01:25,332 - INFO - Top-1 Accuracy: 0.8966
2025-03-05 14:01:25,332 - INFO - Top-1 Accuracy: 0.8966
2025-03-05 14:01:25,332 - INFO - Top-1 Accuracy: 0.8966
2025-03-05 14:01:25,332 - INFO - Top-1 Accuracy: 0.8966
2025-03-05 14:01:25,332 - INFO - Top-5 Accuracy: 0.9890
2025-03-05 14:01:25,332 - INFO - Top-5 Accuracy: 0.9890
2025-03-05 14:01:25,332 - INFO - Top-5 Accuracy: 0.9890
2025-03-05 14:01:25,332 - INFO - Top-5 Accuracy: 0.9890
2025-03-05 14:01:25,332 - INFO - Top-5 Accuracy: 0.9890
2025-03-05 14:01:25,332 - INFO - Top-5 Accuracy: 0.9890
2025-03-05 14:01:25,332 - INFO - Top-5 Accuracy: 0.9890
2025-03-05 14:01:57,551 - INFO - Loading labeled dataset...
2025-03-05 14:01:57,551 - INFO - Loading labeled dataset...
2025-03-05 14:01:57,551 - INFO - Loading labeled dataset...
2025-03-05 14:01:57,551 - INFO - Loading labeled dataset...
2025-03-05 14:01:57,551 - INFO - Loading labeled dataset...
2025-03-05 14:01:57,551 - INFO - Loading labeled dataset...
2025-03-05 14:01:57,551 - INFO - Loading labeled dataset...
2025-03-05 14:01:57,594 - INFO - Dataset size: 5000 | DataLoader batches: 40
2025-03-05 14:01:57,594 - INFO - Dataset size: 5000 | DataLoader batches: 40
2025-03-05 14:01:57,594 - INFO - Dataset size: 5000 | DataLoader batches: 40
2025-03-05 14:01:57,594 - INFO - Dataset size: 5000 | DataLoader batches: 40
2025-03-05 14:01:57,594 - INFO - Dataset size: 5000 | DataLoader batches: 40
2025-03-05 14:01:57,594 - INFO - Dataset size: 5000 | DataLoader batches: 40
2025-03-05 14:01:57,594 - INFO - Dataset size: 5000 | DataLoader batches: 40
2025-03-05 14:02:15,343 - INFO - Top-1 Accuracy: 0.8980
2025-03-05 14:02:15,343 - INFO - Top-1 Accuracy: 0.8980
2025-03-05 14:02:15,343 - INFO - Top-1 Accuracy: 0.8980
2025-03-05 14:02:15,343 - INFO - Top-1 Accuracy: 0.8980
2025-03-05 14:02:15,343 - INFO - Top-1 Accuracy: 0.8980
2025-03-05 14:02:15,343 - INFO - Top-1 Accuracy: 0.8980
2025-03-05 14:02:15,343 - INFO - Top-1 Accuracy: 0.8980
2025-03-05 14:02:15,343 - INFO - Top-5 Accuracy: 0.9894
2025-03-05 14:02:15,343 - INFO - Top-5 Accuracy: 0.9894
2025-03-05 14:02:15,343 - INFO - Top-5 Accuracy: 0.9894
2025-03-05 14:02:15,343 - INFO - Top-5 Accuracy: 0.9894
2025-03-05 14:02:15,343 - INFO - Top-5 Accuracy: 0.9894
2025-03-05 14:02:15,343 - INFO - Top-5 Accuracy: 0.9894
2025-03-05 14:02:15,343 - INFO - Top-5 Accuracy: 0.9894
2025-03-05 14:02:48,026 - INFO - Loading labeled dataset...
2025-03-05 14:02:48,026 - INFO - Loading labeled dataset...
2025-03-05 14:02:48,026 - INFO - Loading labeled dataset...
2025-03-05 14:02:48,026 - INFO - Loading labeled dataset...
2025-03-05 14:02:48,026 - INFO - Loading labeled dataset...
2025-03-05 14:02:48,026 - INFO - Loading labeled dataset...
2025-03-05 14:02:48,026 - INFO - Loading labeled dataset...
2025-03-05 14:02:48,111 - INFO - Dataset size: 5000 | DataLoader batches: 40
2025-03-05 14:02:48,111 - INFO - Dataset size: 5000 | DataLoader batches: 40
2025-03-05 14:02:48,111 - INFO - Dataset size: 5000 | DataLoader batches: 40
2025-03-05 14:02:48,111 - INFO - Dataset size: 5000 | DataLoader batches: 40
2025-03-05 14:02:48,111 - INFO - Dataset size: 5000 | DataLoader batches: 40
2025-03-05 14:02:48,111 - INFO - Dataset size: 5000 | DataLoader batches: 40
2025-03-05 14:02:48,111 - INFO - Dataset size: 5000 | DataLoader batches: 40
2025-03-05 14:03:06,956 - INFO - Top-1 Accuracy: 0.9000
2025-03-05 14:03:06,956 - INFO - Top-1 Accuracy: 0.9000
2025-03-05 14:03:06,956 - INFO - Top-1 Accuracy: 0.9000
2025-03-05 14:03:06,956 - INFO - Top-1 Accuracy: 0.9000
2025-03-05 14:03:06,956 - INFO - Top-1 Accuracy: 0.9000
2025-03-05 14:03:06,956 - INFO - Top-1 Accuracy: 0.9000
2025-03-05 14:03:06,956 - INFO - Top-1 Accuracy: 0.9000
2025-03-05 14:03:06,957 - INFO - Top-5 Accuracy: 0.9898
2025-03-05 14:03:06,957 - INFO - Top-5 Accuracy: 0.9898
2025-03-05 14:03:06,957 - INFO - Top-5 Accuracy: 0.9898
2025-03-05 14:03:06,957 - INFO - Top-5 Accuracy: 0.9898
2025-03-05 14:03:06,957 - INFO - Top-5 Accuracy: 0.9898
2025-03-05 14:03:06,957 - INFO - Top-5 Accuracy: 0.9898
2025-03-05 14:03:06,957 - INFO - Top-5 Accuracy: 0.9898
2025-03-05 14:03:40,406 - INFO - Loading labeled dataset...
2025-03-05 14:03:40,406 - INFO - Loading labeled dataset...
2025-03-05 14:03:40,406 - INFO - Loading labeled dataset...
2025-03-05 14:03:40,406 - INFO - Loading labeled dataset...
2025-03-05 14:03:40,406 - INFO - Loading labeled dataset...
2025-03-05 14:03:40,406 - INFO - Loading labeled dataset...
2025-03-05 14:03:40,406 - INFO - Loading labeled dataset...
2025-03-05 14:03:40,483 - INFO - Dataset size: 5000 | DataLoader batches: 40
2025-03-05 14:03:40,483 - INFO - Dataset size: 5000 | DataLoader batches: 40
2025-03-05 14:03:40,483 - INFO - Dataset size: 5000 | DataLoader batches: 40
2025-03-05 14:03:40,483 - INFO - Dataset size: 5000 | DataLoader batches: 40
2025-03-05 14:03:40,483 - INFO - Dataset size: 5000 | DataLoader batches: 40
2025-03-05 14:03:40,483 - INFO - Dataset size: 5000 | DataLoader batches: 40
2025-03-05 14:03:40,483 - INFO - Dataset size: 5000 | DataLoader batches: 40
2025-03-05 14:03:59,344 - INFO - Top-1 Accuracy: 0.8976
2025-03-05 14:03:59,344 - INFO - Top-1 Accuracy: 0.8976
2025-03-05 14:03:59,344 - INFO - Top-1 Accuracy: 0.8976
2025-03-05 14:03:59,344 - INFO - Top-1 Accuracy: 0.8976
2025-03-05 14:03:59,344 - INFO - Top-1 Accuracy: 0.8976
2025-03-05 14:03:59,344 - INFO - Top-1 Accuracy: 0.8976
2025-03-05 14:03:59,344 - INFO - Top-1 Accuracy: 0.8976
2025-03-05 14:03:59,344 - INFO - Top-5 Accuracy: 0.9900
2025-03-05 14:03:59,344 - INFO - Top-5 Accuracy: 0.9900
2025-03-05 14:03:59,344 - INFO - Top-5 Accuracy: 0.9900
2025-03-05 14:03:59,344 - INFO - Top-5 Accuracy: 0.9900
2025-03-05 14:03:59,344 - INFO - Top-5 Accuracy: 0.9900
2025-03-05 14:03:59,344 - INFO - Top-5 Accuracy: 0.9900
2025-03-05 14:03:59,344 - INFO - Top-5 Accuracy: 0.9900
2025-03-05 14:04:32,920 - INFO - Loading labeled dataset...
2025-03-05 14:04:32,920 - INFO - Loading labeled dataset...
2025-03-05 14:04:32,920 - INFO - Loading labeled dataset...
2025-03-05 14:04:32,920 - INFO - Loading labeled dataset...
2025-03-05 14:04:32,920 - INFO - Loading labeled dataset...
2025-03-05 14:04:32,920 - INFO - Loading labeled dataset...
2025-03-05 14:04:32,920 - INFO - Loading labeled dataset...
2025-03-05 14:04:33,015 - INFO - Dataset size: 5000 | DataLoader batches: 40
2025-03-05 14:04:33,015 - INFO - Dataset size: 5000 | DataLoader batches: 40
2025-03-05 14:04:33,015 - INFO - Dataset size: 5000 | DataLoader batches: 40
2025-03-05 14:04:33,015 - INFO - Dataset size: 5000 | DataLoader batches: 40
2025-03-05 14:04:33,015 - INFO - Dataset size: 5000 | DataLoader batches: 40
2025-03-05 14:04:33,015 - INFO - Dataset size: 5000 | DataLoader batches: 40
2025-03-05 14:04:33,015 - INFO - Dataset size: 5000 | DataLoader batches: 40
2025-03-05 14:04:51,683 - INFO - Top-1 Accuracy: 0.8968
2025-03-05 14:04:51,683 - INFO - Top-1 Accuracy: 0.8968
2025-03-05 14:04:51,683 - INFO - Top-1 Accuracy: 0.8968
2025-03-05 14:04:51,683 - INFO - Top-1 Accuracy: 0.8968
2025-03-05 14:04:51,683 - INFO - Top-1 Accuracy: 0.8968
2025-03-05 14:04:51,683 - INFO - Top-1 Accuracy: 0.8968
2025-03-05 14:04:51,683 - INFO - Top-1 Accuracy: 0.8968
2025-03-05 14:04:51,683 - INFO - Top-5 Accuracy: 0.9898
2025-03-05 14:04:51,683 - INFO - Top-5 Accuracy: 0.9898
2025-03-05 14:04:51,683 - INFO - Top-5 Accuracy: 0.9898
2025-03-05 14:04:51,683 - INFO - Top-5 Accuracy: 0.9898
2025-03-05 14:04:51,683 - INFO - Top-5 Accuracy: 0.9898
2025-03-05 14:04:51,683 - INFO - Top-5 Accuracy: 0.9898
2025-03-05 14:04:51,683 - INFO - Top-5 Accuracy: 0.9898
2025-03-05 14:05:25,350 - INFO - Loading labeled dataset...
2025-03-05 14:05:25,350 - INFO - Loading labeled dataset...
2025-03-05 14:05:25,350 - INFO - Loading labeled dataset...
2025-03-05 14:05:25,350 - INFO - Loading labeled dataset...
2025-03-05 14:05:25,350 - INFO - Loading labeled dataset...
2025-03-05 14:05:25,350 - INFO - Loading labeled dataset...
2025-03-05 14:05:25,350 - INFO - Loading labeled dataset...
2025-03-05 14:05:25,445 - INFO - Dataset size: 5000 | DataLoader batches: 40
2025-03-05 14:05:25,445 - INFO - Dataset size: 5000 | DataLoader batches: 40
2025-03-05 14:05:25,445 - INFO - Dataset size: 5000 | DataLoader batches: 40
2025-03-05 14:05:25,445 - INFO - Dataset size: 5000 | DataLoader batches: 40
2025-03-05 14:05:25,445 - INFO - Dataset size: 5000 | DataLoader batches: 40
2025-03-05 14:05:25,445 - INFO - Dataset size: 5000 | DataLoader batches: 40
2025-03-05 14:05:25,445 - INFO - Dataset size: 5000 | DataLoader batches: 40
2025-03-05 14:05:44,224 - INFO - Top-1 Accuracy: 0.8956
2025-03-05 14:05:44,224 - INFO - Top-1 Accuracy: 0.8956
2025-03-05 14:05:44,224 - INFO - Top-1 Accuracy: 0.8956
2025-03-05 14:05:44,224 - INFO - Top-1 Accuracy: 0.8956
2025-03-05 14:05:44,224 - INFO - Top-1 Accuracy: 0.8956
2025-03-05 14:05:44,224 - INFO - Top-1 Accuracy: 0.8956
2025-03-05 14:05:44,224 - INFO - Top-1 Accuracy: 0.8956
2025-03-05 14:05:44,225 - INFO - Top-5 Accuracy: 0.9892
2025-03-05 14:05:44,225 - INFO - Top-5 Accuracy: 0.9892
2025-03-05 14:05:44,225 - INFO - Top-5 Accuracy: 0.9892
2025-03-05 14:05:44,225 - INFO - Top-5 Accuracy: 0.9892
2025-03-05 14:05:44,225 - INFO - Top-5 Accuracy: 0.9892
2025-03-05 14:05:44,225 - INFO - Top-5 Accuracy: 0.9892
2025-03-05 14:05:44,225 - INFO - Top-5 Accuracy: 0.9892
2025-03-05 14:06:17,754 - INFO - Loading labeled dataset...
2025-03-05 14:06:17,754 - INFO - Loading labeled dataset...
2025-03-05 14:06:17,754 - INFO - Loading labeled dataset...
2025-03-05 14:06:17,754 - INFO - Loading labeled dataset...
2025-03-05 14:06:17,754 - INFO - Loading labeled dataset...
2025-03-05 14:06:17,754 - INFO - Loading labeled dataset...
2025-03-05 14:06:17,754 - INFO - Loading labeled dataset...
2025-03-05 14:06:17,830 - INFO - Dataset size: 5000 | DataLoader batches: 40
2025-03-05 14:06:17,830 - INFO - Dataset size: 5000 | DataLoader batches: 40
2025-03-05 14:06:17,830 - INFO - Dataset size: 5000 | DataLoader batches: 40
2025-03-05 14:06:17,830 - INFO - Dataset size: 5000 | DataLoader batches: 40
2025-03-05 14:06:17,830 - INFO - Dataset size: 5000 | DataLoader batches: 40
2025-03-05 14:06:17,830 - INFO - Dataset size: 5000 | DataLoader batches: 40
2025-03-05 14:06:17,830 - INFO - Dataset size: 5000 | DataLoader batches: 40
2025-03-05 14:06:36,790 - INFO - Top-1 Accuracy: 0.8956
2025-03-05 14:06:36,790 - INFO - Top-1 Accuracy: 0.8956
2025-03-05 14:06:36,790 - INFO - Top-1 Accuracy: 0.8956
2025-03-05 14:06:36,790 - INFO - Top-1 Accuracy: 0.8956
2025-03-05 14:06:36,790 - INFO - Top-1 Accuracy: 0.8956
2025-03-05 14:06:36,790 - INFO - Top-1 Accuracy: 0.8956
2025-03-05 14:06:36,790 - INFO - Top-1 Accuracy: 0.8956
2025-03-05 14:06:36,791 - INFO - Top-5 Accuracy: 0.9894
2025-03-05 14:06:36,791 - INFO - Top-5 Accuracy: 0.9894
2025-03-05 14:06:36,791 - INFO - Top-5 Accuracy: 0.9894
2025-03-05 14:06:36,791 - INFO - Top-5 Accuracy: 0.9894
2025-03-05 14:06:36,791 - INFO - Top-5 Accuracy: 0.9894
2025-03-05 14:06:36,791 - INFO - Top-5 Accuracy: 0.9894
2025-03-05 14:06:36,791 - INFO - Top-5 Accuracy: 0.9894
2025-03-05 14:06:36,800 - INFO -  Quantization-Aware Training complete.
2025-03-05 14:06:36,800 - INFO -  Quantization-Aware Training complete.
2025-03-05 14:06:36,800 - INFO -  Quantization-Aware Training complete.
2025-03-05 14:06:36,800 - INFO -  Quantization-Aware Training complete.
2025-03-05 14:06:36,800 - INFO -  Quantization-Aware Training complete.
2025-03-05 14:06:36,800 - INFO -  Quantization-Aware Training complete.
2025-03-05 14:06:36,800 - INFO -  Quantization-Aware Training complete.
2025-03-05 14:06:47,433 - INFO - Loading labeled dataset...
2025-03-05 14:06:47,433 - INFO - Loading labeled dataset...
2025-03-05 14:06:47,433 - INFO - Loading labeled dataset...
2025-03-05 14:06:47,433 - INFO - Loading labeled dataset...
2025-03-05 14:06:47,433 - INFO - Loading labeled dataset...
2025-03-05 14:06:47,433 - INFO - Loading labeled dataset...
2025-03-05 14:06:47,433 - INFO - Loading labeled dataset...
2025-03-05 14:06:47,804 - INFO - Dataset size: 5000 | DataLoader batches: 40
2025-03-05 14:06:47,804 - INFO - Dataset size: 5000 | DataLoader batches: 40
2025-03-05 14:06:47,804 - INFO - Dataset size: 5000 | DataLoader batches: 40
2025-03-05 14:06:47,804 - INFO - Dataset size: 5000 | DataLoader batches: 40
2025-03-05 14:06:47,804 - INFO - Dataset size: 5000 | DataLoader batches: 40
2025-03-05 14:06:47,804 - INFO - Dataset size: 5000 | DataLoader batches: 40
2025-03-05 14:06:47,804 - INFO - Dataset size: 5000 | DataLoader batches: 40
2025-03-05 14:07:40,797 - INFO - Performing Manual Quantization...
2025-03-05 14:07:40,797 - INFO - Performing Manual Quantization...
2025-03-05 14:07:40,797 - INFO - Performing Manual Quantization...
2025-03-05 14:07:40,797 - INFO - Performing Manual Quantization...
2025-03-05 14:07:40,797 - INFO - Performing Manual Quantization...
2025-03-05 14:07:40,797 - INFO - Performing Manual Quantization...
2025-03-05 14:07:40,797 - INFO - Performing Manual Quantization...
2025-03-05 14:08:13,241 - INFO - Loading labeled dataset...
2025-03-05 14:08:13,241 - INFO - Loading labeled dataset...
2025-03-05 14:08:13,241 - INFO - Loading labeled dataset...
2025-03-05 14:08:13,241 - INFO - Loading labeled dataset...
2025-03-05 14:08:13,241 - INFO - Loading labeled dataset...
2025-03-05 14:08:13,241 - INFO - Loading labeled dataset...
2025-03-05 14:08:13,241 - INFO - Loading labeled dataset...
2025-03-05 14:08:13,309 - INFO - Dataset size: 5000 | DataLoader batches: 40
2025-03-05 14:08:13,309 - INFO - Dataset size: 5000 | DataLoader batches: 40
2025-03-05 14:08:13,309 - INFO - Dataset size: 5000 | DataLoader batches: 40
2025-03-05 14:08:13,309 - INFO - Dataset size: 5000 | DataLoader batches: 40
2025-03-05 14:08:13,309 - INFO - Dataset size: 5000 | DataLoader batches: 40
2025-03-05 14:08:13,309 - INFO - Dataset size: 5000 | DataLoader batches: 40
2025-03-05 14:08:13,309 - INFO - Dataset size: 5000 | DataLoader batches: 40
2025-03-05 14:09:59,956 - INFO - Loading labeled dataset...
2025-03-05 14:09:59,956 - INFO - Loading labeled dataset...
2025-03-05 14:09:59,956 - INFO - Loading labeled dataset...
2025-03-05 14:09:59,956 - INFO - Loading labeled dataset...
2025-03-05 14:09:59,956 - INFO - Loading labeled dataset...
2025-03-05 14:09:59,956 - INFO - Loading labeled dataset...
2025-03-05 14:09:59,956 - INFO - Loading labeled dataset...
2025-03-05 14:10:00,022 - INFO - Dataset size: 5000 | DataLoader batches: 40
2025-03-05 14:10:00,022 - INFO - Dataset size: 5000 | DataLoader batches: 40
2025-03-05 14:10:00,022 - INFO - Dataset size: 5000 | DataLoader batches: 40
2025-03-05 14:10:00,022 - INFO - Dataset size: 5000 | DataLoader batches: 40
2025-03-05 14:10:00,022 - INFO - Dataset size: 5000 | DataLoader batches: 40
2025-03-05 14:10:00,022 - INFO - Dataset size: 5000 | DataLoader batches: 40
2025-03-05 14:10:00,022 - INFO - Dataset size: 5000 | DataLoader batches: 40
2025-03-05 14:10:19,065 - INFO - Top-1 Accuracy: 0.8952
2025-03-05 14:10:19,065 - INFO - Top-1 Accuracy: 0.8952
2025-03-05 14:10:19,065 - INFO - Top-1 Accuracy: 0.8952
2025-03-05 14:10:19,065 - INFO - Top-1 Accuracy: 0.8952
2025-03-05 14:10:19,065 - INFO - Top-1 Accuracy: 0.8952
2025-03-05 14:10:19,065 - INFO - Top-1 Accuracy: 0.8952
2025-03-05 14:10:19,065 - INFO - Top-1 Accuracy: 0.8952
2025-03-05 14:10:19,066 - INFO - Top-5 Accuracy: 0.9880
2025-03-05 14:10:19,066 - INFO - Top-5 Accuracy: 0.9880
2025-03-05 14:10:19,066 - INFO - Top-5 Accuracy: 0.9880
2025-03-05 14:10:19,066 - INFO - Top-5 Accuracy: 0.9880
2025-03-05 14:10:19,066 - INFO - Top-5 Accuracy: 0.9880
2025-03-05 14:10:19,066 - INFO - Top-5 Accuracy: 0.9880
2025-03-05 14:10:19,066 - INFO - Top-5 Accuracy: 0.9880
2025-03-05 14:10:19,070 - INFO - Manual Quantization Accuracy: 0.8952
2025-03-05 14:10:19,070 - INFO - Manual Quantization Accuracy: 0.8952
2025-03-05 14:10:19,070 - INFO - Manual Quantization Accuracy: 0.8952
2025-03-05 14:10:19,070 - INFO - Manual Quantization Accuracy: 0.8952
2025-03-05 14:10:19,070 - INFO - Manual Quantization Accuracy: 0.8952
2025-03-05 14:10:19,070 - INFO - Manual Quantization Accuracy: 0.8952
2025-03-05 14:10:19,070 - INFO - Manual Quantization Accuracy: 0.8952
